Log file open, 01/20/22 12:02:55
LogWindows: Failed to load 'aqProf.dll' (GetLastError=126)
LogWindows: File 'aqProf.dll' does not exist
LogWindows: Failed to load 'VtuneApi.dll' (GetLastError=126)
LogWindows: File 'VtuneApi.dll' does not exist
LogWindows: Failed to load 'VtuneApi32e.dll' (GetLastError=126)
LogWindows: File 'VtuneApi32e.dll' does not exist
LogConsoleResponse: Display: Failed to find resolution value strings in scalability ini. Falling back to default.
LogConsoleResponse: Display: Failed to find resolution value strings in scalability ini. Falling back to default.
LogInit: Display: Running engine for game: GEAProjectJGUnreal
LogPlatformFile: Not using cached read wrapper
LogTaskGraph: Started task graph with 5 named threads and 35 total threads with 3 sets of task threads.
LogStats: Stats thread started at 1.403494
LogICUInternationalization: ICU TimeZone Detection - Raw Offset: +0:00, Platform Override: ''
LogInit: Display: Loading text-based GConfig....
LogPluginManager: Mounting plugin MeshPainting
LogPluginManager: Mounting plugin XGEController
LogPluginManager: Mounting plugin OodleData
LogPluginManager: Mounting plugin LightPropagationVolume
LogPluginManager: Mounting plugin GameplayCameras
LogPluginManager: Mounting plugin OodleNetwork
LogPluginManager: Mounting plugin CameraShakePreviewer
LogPluginManager: Mounting plugin AISupport
LogPluginManager: Mounting plugin Paper2D
LogPluginManager: Mounting plugin EnvironmentQueryEditor
LogPluginManager: Mounting plugin Niagara
LogPluginManager: Mounting plugin DatasmithContent
LogPluginManager: Mounting plugin VariantManagerContent
LogPluginManager: Mounting plugin AnimationSharing
LogPluginManager: Mounting plugin LiveLink
LogPluginManager: Mounting plugin CLionSourceCodeAccess
LogPluginManager: Mounting plugin CodeLiteSourceCodeAccess
LogPluginManager: Mounting plugin KDevelopSourceCodeAccess
LogPluginManager: Mounting plugin GitSourceControl
LogPluginManager: Mounting plugin PerforceSourceControl
LogPluginManager: Mounting plugin NullSourceCodeAccess
LogPluginManager: Mounting plugin PluginUtils
LogPluginManager: Mounting plugin PlasticSourceControl
LogPluginManager: Mounting plugin PropertyAccessNode
LogPluginManager: Mounting plugin RiderSourceCodeAccess
LogPluginManager: Mounting plugin SubversionSourceControl
LogPluginManager: Mounting plugin VisualStudioSourceCodeAccess
LogPluginManager: Mounting plugin UObjectPlugin
LogPluginManager: Mounting plugin TextureFormatOodle
LogPluginManager: Mounting plugin XCodeSourceCodeAccess
LogPluginManager: Mounting plugin VisualStudioCodeSourceCodeAccess
LogPluginManager: Mounting plugin LuminPlatformFeatures
LogPluginManager: Mounting plugin PixWinPlugin
LogPluginManager: Mounting plugin MagicLeap
LogPluginManager: Mounting plugin MagicLeapLightEstimation
LogPluginManager: Mounting plugin MagicLeapMedia
LogPluginManager: Mounting plugin MagicLeapPassableWorld
LogPluginManager: Mounting plugin MLSDK
LogPluginManager: Mounting plugin AssetManagerEditor
LogPluginManager: Mounting plugin FacialAnimation
LogPluginManager: Mounting plugin DataValidation
LogPluginManager: Mounting plugin CryptoKeys
LogPluginManager: Mounting plugin CurveEditorTools
LogPluginManager: Mounting plugin MacGraphicsSwitching
LogPluginManager: Mounting plugin GameplayTagsEditor
LogPluginManager: Mounting plugin GeometryMode
LogPluginManager: Mounting plugin MaterialAnalyzer
LogPluginManager: Mounting plugin MobileLauncherProfileWizard
LogPluginManager: Mounting plugin SpeedTreeImporter
LogPluginManager: Mounting plugin PluginBrowser
LogPluginManager: Mounting plugin ActorSequence
LogPluginManager: Mounting plugin TcpMessaging
LogPluginManager: Mounting plugin UdpMessaging
LogPluginManager: Mounting plugin AlembicImporter
LogPluginManager: Mounting plugin MatineeToLevelSequence
LogPluginManager: Mounting plugin LevelSequenceEditor
LogPluginManager: Mounting plugin BackChannel
LogPluginManager: Mounting plugin AutomationUtils
LogPluginManager: Mounting plugin TemplateSequence
LogPluginManager: Mounting plugin ChaosClothEditor
LogPluginManager: Mounting plugin ChaosCloth
LogPluginManager: Mounting plugin ChaosEditor
LogPluginManager: Mounting plugin ChaosNiagara
LogPluginManager: Mounting plugin ChaosSolverPlugin
LogPluginManager: Mounting plugin CharacterAI
LogPluginManager: Mounting plugin LauncherChunkInstaller
LogPluginManager: Mounting plugin GeometryCollectionPlugin
LogPluginManager: Mounting plugin GeometryCache
LogPluginManager: Mounting plugin OnlineSubsystemNull
LogPluginManager: Mounting plugin OnlineSubsystem
LogPluginManager: Mounting plugin OnlineSubsystemUtils
LogPluginManager: Mounting plugin AndroidMedia
LogPluginManager: Mounting plugin AvfMedia
LogPluginManager: Mounting plugin ImgMedia
LogPluginManager: Mounting plugin MediaCompositing
LogPluginManager: Mounting plugin MediaPlayerEditor
LogPluginManager: Mounting plugin WebMMedia
LogPluginManager: Mounting plugin WmfMedia
LogPluginManager: Mounting plugin GeometryProcessing
LogPluginManager: Mounting plugin MotoSynth
LogPluginManager: Mounting plugin OpenImageDenoise
LogPluginManager: Mounting plugin PlanarCut
LogPluginManager: Mounting plugin PythonScriptPlugin
LogPluginManager: Mounting plugin PlatformCrypto
LogPluginManager: Mounting plugin ProxyLODPlugin
LogPluginManager: Mounting plugin SkeletalReduction
LogPluginManager: Mounting plugin Takes
LogPluginManager: Mounting plugin ScreenshotTools
LogPluginManager: Mounting plugin ActorLayerUtilities
LogPluginManager: Mounting plugin AppleImageUtils
LogPluginManager: Mounting plugin AndroidPermission
LogPluginManager: Mounting plugin AndroidDeviceProfileSelector
LogPluginManager: Mounting plugin AndroidMoviePlayer
LogPluginManager: Mounting plugin AppleMoviePlayer
LogPluginManager: Mounting plugin ArchVisCharacter
LogPluginManager: Mounting plugin AssetTags
LogPluginManager: Mounting plugin AudioCapture
LogPluginManager: Mounting plugin AudioSynesthesia
LogPluginManager: Mounting plugin CableComponent
LogPluginManager: Mounting plugin CustomMeshComponent
LogPluginManager: Mounting plugin ChunkDownloader
LogPluginManager: Mounting plugin ExampleDeviceProfileSelector
LogPluginManager: Mounting plugin EditableMesh
LogPluginManager: Mounting plugin GoogleCloudMessaging
LogPluginManager: Mounting plugin GooglePAD
LogPluginManager: Mounting plugin IOSDeviceProfileSelector
LogPluginManager: Mounting plugin LinuxDeviceProfileSelector
LogPluginManager: Mounting plugin LocationServicesBPLibrary
LogPluginManager: Mounting plugin MobilePatchingUtils
LogPluginManager: Mounting plugin OpenXR
LogPluginManager: Mounting plugin OpenXRHandTracking
LogPluginManager: Mounting plugin OpenXREyeTracker
LogPluginManager: Mounting plugin PhysXVehicles
LogPluginManager: Mounting plugin PostSplashScreen
LogPluginManager: Mounting plugin SoundFields
LogPluginManager: Mounting plugin RuntimePhysXCooking
LogPluginManager: Mounting plugin SignificanceManager
LogPluginManager: Mounting plugin PropertyAccessEditor
LogPluginManager: Mounting plugin ProceduralMeshComponent
LogPluginManager: Mounting plugin WebBrowserWidget
LogPluginManager: Mounting plugin WebBrowserNativeProxy
LogPluginManager: Mounting plugin Synthesis
LogPluginManager: Mounting plugin WebMMoviePlayer
LogPluginManager: Mounting plugin WindowsMoviePlayer
LogPluginManager: Mounting plugin ContentBrowserAssetDataSource
LogPluginManager: Mounting plugin ContentBrowserClassDataSource
LogPluginManager: Mounting plugin ContentBrowserFileDataSource
LogPluginManager: Mounting plugin OnlineSubsystemGooglePlay
LogPluginManager: Mounting plugin OnlineSubsystemIOS
LogPluginManager: Mounting plugin OculusVR
LogPluginManager: Mounting plugin SteamVR
PixWinPlugin: PIX capture plugin failed to initialize! Check that the process is launched from PIX.
LogInit: Using libcurl 7.55.1-DEV
LogInit:  - built for x86_64-pc-win32
LogInit:  - supports SSL with OpenSSL/1.1.1
LogInit:  - supports HTTP deflate (compression) using libz 1.2.8
LogInit:  - other features:
LogInit:      CURL_VERSION_SSL
LogInit:      CURL_VERSION_LIBZ
LogInit:      CURL_VERSION_IPV6
LogInit:      CURL_VERSION_ASYNCHDNS
LogInit:      CURL_VERSION_LARGEFILE
LogInit:      CURL_VERSION_IDN
LogInit:  CurlRequestOptions (configurable via config and command line):
LogInit:  - bVerifyPeer = true  - Libcurl will verify peer certificate
LogInit:  - bUseHttpProxy = false  - Libcurl will NOT use HTTP proxy
LogInit:  - bDontReuseConnections = false  - Libcurl will reuse connections
LogInit:  - MaxHostConnections = 16  - Libcurl will limit the number of connections to a host
LogInit:  - LocalHostAddr = Default
LogInit:  - BufferSize = 65536
LogOnline: OSS: Creating online subsystem instance for: NULL
LogInit: WinSock: version 1.1 (2.2), MaxSocks=32767, MaxUdp=65467
LogOnline: OSS: TryLoadSubsystemAndSetDefault: Loaded subsystem for module [NULL]
LogOculusPluginWrapper: OculusPlugin initialized successfully
LogHMD: Failed initializing OVRPlugin 1.59.0
LogInit: Build: ++UE4+Release-4.27-CL-18319896
LogInit: Engine Version: 4.27.2-18319896+++UE4+Release-4.27
LogInit: Compatible Engine Version: 4.27.0-17155196+++UE4+Release-4.27
LogInit: Net CL: 17155196
LogInit: OS: Windows 10 (Release 2009) (), CPU: Intel(R) Core(TM) i7-10750H CPU @ 2.60GHz, GPU: Intel(R) UHD Graphics
LogInit: Compiled (64-bit): Nov 30 2021 07:12:08
LogInit: Compiled with Visual C++: 19.24.28315.00
LogInit: Build Configuration: Development
LogInit: Branch Name: ++UE4+Release-4.27
LogInit: Command Line: 
LogInit: Base Directory: C:/Program Files/Epic Games/UE_4.27/Engine/Binaries/Win64/
LogInit: Allocator: TBB
LogInit: Installed Engine Build: 1
LogDevObjectVersion: Number of dev versions registered: 29
LogDevObjectVersion:   Dev-Blueprints (B0D832E4-1F89-4F0D-ACCF-7EB736FD4AA2): 10
LogDevObjectVersion:   Dev-Build (E1C64328-A22C-4D53-A36C-8E866417BD8C): 0
LogDevObjectVersion:   Dev-Core (375EC13C-06E4-48FB-B500-84F0262A717E): 4
LogDevObjectVersion:   Dev-Editor (E4B068ED-F494-42E9-A231-DA0B2E46BB41): 40
LogDevObjectVersion:   Dev-Framework (CFFC743F-43B0-4480-9391-14DF171D2073): 37
LogDevObjectVersion:   Dev-Mobile (B02B49B5-BB20-44E9-A304-32B752E40360): 3
LogDevObjectVersion:   Dev-Networking (A4E4105C-59A1-49B5-A7C5-40C4547EDFEE): 0
LogDevObjectVersion:   Dev-Online (39C831C9-5AE6-47DC-9A44-9C173E1C8E7C): 0
LogDevObjectVersion:   Dev-Physics (78F01B33-EBEA-4F98-B9B4-84EACCB95AA2): 14
LogDevObjectVersion:   Dev-Platform (6631380F-2D4D-43E0-8009-CF276956A95A): 0
LogDevObjectVersion:   Dev-Rendering (12F88B9F-8875-4AFC-A67C-D90C383ABD29): 45
LogDevObjectVersion:   Dev-Sequencer (7B5AE74C-D270-4C10-A958-57980B212A5A): 13
LogDevObjectVersion:   Dev-VR (D7296918-1DD6-4BDD-9DE2-64A83CC13884): 3
LogDevObjectVersion:   Dev-LoadTimes (C2A15278-BFE7-4AFE-6C17-90FF531DF755): 1
LogDevObjectVersion:   Private-Geometry (6EACA3D4-40EC-4CC1-B786-8BED09428FC5): 3
LogDevObjectVersion:   Dev-AnimPhys (29E575DD-E0A3-4627-9D10-D276232CDCEA): 17
LogDevObjectVersion:   Dev-Anim (AF43A65D-7FD3-4947-9873-3E8ED9C1BB05): 15
LogDevObjectVersion:   Dev-ReflectionCapture (6B266CEC-1EC7-4B8F-A30B-E4D90942FC07): 1
LogDevObjectVersion:   Dev-Automation (0DF73D61-A23F-47EA-B727-89E90C41499A): 1
LogDevObjectVersion:   FortniteMain (601D1886-AC64-4F84-AA16-D3DE0DEAC7D6): 47
LogDevObjectVersion:   FortniteRelease (E7086368-6B23-4C58-8439-1B7016265E91): 1
LogDevObjectVersion:   Dev-Enterprise (9DFFBCD6-494F-0158-E221-12823C92A888): 10
LogDevObjectVersion:   Dev-Niagara (F2AED0AC-9AFE-416F-8664-AA7FFA26D6FC): 1
LogDevObjectVersion:   Dev-Destruction (174F1F0B-B4C6-45A5-B13F-2EE8D0FB917D): 10
LogDevObjectVersion:   Dev-Physics-Ext (35F94A83-E258-406C-A318-09F59610247C): 41
LogDevObjectVersion:   Dev-PhysicsMaterial-Chaos (B68FC16E-8B1B-42E2-B453-215C058844FE): 1
LogDevObjectVersion:   Dev-CineCamera (B2E18506-4273-CFC2-A54E-F4BB758BBA07): 1
LogDevObjectVersion:   Dev-VirtualProduction (64F58936-FD1B-42BA-BA96-7289D5D0FA4E): 1
LogDevObjectVersion:   Dev-MediaFramework (6F0ED827-A609-4895-9C91-998D90180EA4): 2
LogInit: Presizing for max 25165824 objects, including 0 objects not considered by GC, pre-allocating 0 bytes for permanent pool.
LogConfig: Applying CVar settings from Section [/Script/Engine.StreamingSettings] File [C:/Users/JGoll/Documents/Unreal Projects/GEAProjectJGUnreal/Saved/Config/Windows/Engine.ini]
LogConfig: Setting CVar [[s.MinBulkDataSizeForAsyncLoading:131072]]
LogConfig: Setting CVar [[s.AsyncLoadingThreadEnabled:0]]
LogConfig: Setting CVar [[s.EventDrivenLoaderEnabled:1]]
LogConfig: Setting CVar [[s.WarnIfTimeLimitExceeded:0]]
LogConfig: Setting CVar [[s.TimeLimitExceededMultiplier:1.5]]
LogConfig: Setting CVar [[s.TimeLimitExceededMinTime:0.005]]
LogConfig: Setting CVar [[s.UseBackgroundLevelStreaming:1]]
LogConfig: Setting CVar [[s.PriorityAsyncLoadingExtraTime:15.0]]
LogConfig: Setting CVar [[s.LevelStreamingActorsUpdateTimeLimit:5.0]]
LogConfig: Setting CVar [[s.PriorityLevelStreamingActorsUpdateExtraTime:5.0]]
LogConfig: Setting CVar [[s.LevelStreamingComponentsRegistrationGranularity:10]]
LogConfig: Setting CVar [[s.UnregisterComponentsTimeLimit:1.0]]
LogConfig: Setting CVar [[s.LevelStreamingComponentsUnregistrationGranularity:5]]
LogConfig: Setting CVar [[s.FlushStreamingOnExit:1]]
LogInit: Object subsystem initialized
LogConfig: Setting CVar [[con.DebugEarlyDefault:1]]
LogConfig: Setting CVar [[r.setres:1280x720]]
[2022.01.20-12.02.57:714][  0]LogConfig: Setting CVar [[r.VSync:0]]
[2022.01.20-12.02.57:714][  0]LogConfig: Setting CVar [[r.RHICmdBypass:0]]
[2022.01.20-12.02.57:714][  0]LogConfig: Applying CVar settings from Section [/Script/Engine.RendererSettings] File [C:/Users/JGoll/Documents/Unreal Projects/GEAProjectJGUnreal/Saved/Config/Windows/Engine.ini]
[2022.01.20-12.02.57:714][  0]LogConfig: Setting CVar [[r.GPUCrashDebugging:0]]
[2022.01.20-12.02.57:714][  0]LogConfig: Applying CVar settings from Section [/Script/Engine.RendererOverrideSettings] File [C:/Users/JGoll/Documents/Unreal Projects/GEAProjectJGUnreal/Saved/Config/Windows/Engine.ini]
[2022.01.20-12.02.57:714][  0]LogConfig: Applying CVar settings from Section [/Script/Engine.StreamingSettings] File [C:/Users/JGoll/Documents/Unreal Projects/GEAProjectJGUnreal/Saved/Config/Windows/Engine.ini]
[2022.01.20-12.02.57:714][  0]LogConfig: Setting CVar [[s.MinBulkDataSizeForAsyncLoading:131072]]
[2022.01.20-12.02.57:714][  0]LogConfig: Setting CVar [[s.AsyncLoadingThreadEnabled:0]]
[2022.01.20-12.02.57:714][  0]LogConfig: Setting CVar [[s.EventDrivenLoaderEnabled:1]]
[2022.01.20-12.02.57:714][  0]LogConfig: Setting CVar [[s.WarnIfTimeLimitExceeded:0]]
[2022.01.20-12.02.57:714][  0]LogConfig: Setting CVar [[s.TimeLimitExceededMultiplier:1.5]]
[2022.01.20-12.02.57:714][  0]LogConfig: Setting CVar [[s.TimeLimitExceededMinTime:0.005]]
[2022.01.20-12.02.57:714][  0]LogConfig: Setting CVar [[s.UseBackgroundLevelStreaming:1]]
[2022.01.20-12.02.57:714][  0]LogConfig: Setting CVar [[s.PriorityAsyncLoadingExtraTime:15.0]]
[2022.01.20-12.02.57:714][  0]LogConfig: Setting CVar [[s.LevelStreamingActorsUpdateTimeLimit:5.0]]
[2022.01.20-12.02.57:714][  0]LogConfig: Setting CVar [[s.PriorityLevelStreamingActorsUpdateExtraTime:5.0]]
[2022.01.20-12.02.57:714][  0]LogConfig: Setting CVar [[s.LevelStreamingComponentsRegistrationGranularity:10]]
[2022.01.20-12.02.57:714][  0]LogConfig: Setting CVar [[s.UnregisterComponentsTimeLimit:1.0]]
[2022.01.20-12.02.57:714][  0]LogConfig: Setting CVar [[s.LevelStreamingComponentsUnregistrationGranularity:5]]
[2022.01.20-12.02.57:714][  0]LogConfig: Setting CVar [[s.FlushStreamingOnExit:1]]
[2022.01.20-12.02.57:714][  0]LogConfig: Applying CVar settings from Section [/Script/Engine.GarbageCollectionSettings] File [C:/Users/JGoll/Documents/Unreal Projects/GEAProjectJGUnreal/Saved/Config/Windows/Engine.ini]
[2022.01.20-12.02.57:714][  0]LogConfig: Setting CVar [[gc.MaxObjectsNotConsideredByGC:1]]
[2022.01.20-12.02.57:714][  0]LogConfig: Setting CVar [[gc.SizeOfPermanentObjectPool:0]]
[2022.01.20-12.02.57:714][  0]LogConfig: Setting CVar [[gc.FlushStreamingOnGC:0]]
[2022.01.20-12.02.57:714][  0]LogConfig: Setting CVar [[gc.NumRetriesBeforeForcingGC:10]]
[2022.01.20-12.02.57:714][  0]LogConfig: Setting CVar [[gc.AllowParallelGC:1]]
[2022.01.20-12.02.57:714][  0]LogConfig: Setting CVar [[gc.TimeBetweenPurgingPendingKillObjects:61.1]]
[2022.01.20-12.02.57:714][  0]LogConfig: Setting CVar [[gc.MaxObjectsInEditor:25165824]]
[2022.01.20-12.02.57:714][  0]LogConfig: Setting CVar [[gc.IncrementalBeginDestroyEnabled:1]]
[2022.01.20-12.02.57:714][  0]LogConfig: Setting CVar [[gc.CreateGCClusters:1]]
[2022.01.20-12.02.57:714][  0]LogConfig: Setting CVar [[gc.MinGCClusterSize:5]]
[2022.01.20-12.02.57:714][  0]LogConfig: Setting CVar [[gc.ActorClusteringEnabled:0]]
[2022.01.20-12.02.57:714][  0]LogConfig: Setting CVar [[gc.BlueprintClusteringEnabled:0]]
[2022.01.20-12.02.57:714][  0]LogConfig: Setting CVar [[gc.UseDisregardForGCOnDedicatedServers:0]]
[2022.01.20-12.02.57:715][  0]LogConfig: Setting CVar [[gc.MultithreadedDestructionEnabled:1]]
[2022.01.20-12.02.57:715][  0]LogConfig: Applying CVar settings from Section [/Script/Engine.NetworkSettings] File [C:/Users/JGoll/Documents/Unreal Projects/GEAProjectJGUnreal/Saved/Config/Windows/Engine.ini]
[2022.01.20-12.02.57:715][  0]LogConfig: Applying CVar settings from Section [/Script/UnrealEd.CookerSettings] File [C:/Users/JGoll/Documents/Unreal Projects/GEAProjectJGUnreal/Saved/Config/Windows/Engine.ini]
[2022.01.20-12.02.57:765][  0]LogConfig: Applying CVar settings from Section [ViewDistanceQuality@3] File [C:/Users/JGoll/Documents/Unreal Projects/GEAProjectJGUnreal/Saved/Config/Windows/Scalability.ini]
[2022.01.20-12.02.57:765][  0]LogConfig: Setting CVar [[r.SkeletalMeshLODBias:0]]
[2022.01.20-12.02.57:765][  0]LogConfig: Setting CVar [[r.ViewDistanceScale:1.0]]
[2022.01.20-12.02.57:765][  0]LogConfig: Applying CVar settings from Section [AntiAliasingQuality@3] File [C:/Users/JGoll/Documents/Unreal Projects/GEAProjectJGUnreal/Saved/Config/Windows/Scalability.ini]
[2022.01.20-12.02.57:765][  0]LogConfig: Setting CVar [[r.PostProcessAAQuality:4]]
[2022.01.20-12.02.57:765][  0]LogConfig: Applying CVar settings from Section [ShadowQuality@3] File [C:/Users/JGoll/Documents/Unreal Projects/GEAProjectJGUnreal/Saved/Config/Windows/Scalability.ini]
[2022.01.20-12.02.57:765][  0]LogConfig: Setting CVar [[r.LightFunctionQuality:1]]
[2022.01.20-12.02.57:765][  0]LogConfig: Setting CVar [[r.ShadowQuality:5]]
[2022.01.20-12.02.57:765][  0]LogConfig: Setting CVar [[r.Shadow.CSM.MaxCascades:10]]
[2022.01.20-12.02.57:765][  0]LogConfig: Setting CVar [[r.Shadow.MaxResolution:2048]]
[2022.01.20-12.02.57:765][  0]LogConfig: Setting CVar [[r.Shadow.MaxCSMResolution:2048]]
[2022.01.20-12.02.57:765][  0]LogConfig: Setting CVar [[r.Shadow.RadiusThreshold:0.01]]
[2022.01.20-12.02.57:765][  0]LogConfig: Setting CVar [[r.Shadow.DistanceScale:1.0]]
[2022.01.20-12.02.57:765][  0]LogConfig: Setting CVar [[r.Shadow.CSM.TransitionScale:1.0]]
[2022.01.20-12.02.57:765][  0]LogConfig: Setting CVar [[r.Shadow.PreShadowResolutionFactor:1.0]]
[2022.01.20-12.02.57:765][  0]LogConfig: Setting CVar [[r.DistanceFieldShadowing:1]]
[2022.01.20-12.02.57:765][  0]LogConfig: Setting CVar [[r.DistanceFieldAO:1]]
[2022.01.20-12.02.57:765][  0]LogConfig: Setting CVar [[r.AOQuality:2]]
[2022.01.20-12.02.57:765][  0]LogConfig: Setting CVar [[r.VolumetricFog:1]]
[2022.01.20-12.02.57:765][  0]LogConfig: Setting CVar [[r.VolumetricFog.GridPixelSize:8]]
[2022.01.20-12.02.57:765][  0]LogConfig: Setting CVar [[r.VolumetricFog.GridSizeZ:128]]
[2022.01.20-12.02.57:765][  0]LogConfig: Setting CVar [[r.VolumetricFog.HistoryMissSupersampleCount:4]]
[2022.01.20-12.02.57:765][  0]LogConfig: Setting CVar [[r.LightMaxDrawDistanceScale:1]]
[2022.01.20-12.02.57:765][  0]LogConfig: Setting CVar [[r.CapsuleShadows:1]]
[2022.01.20-12.02.57:765][  0]LogConfig: Applying CVar settings from Section [PostProcessQuality@3] File [C:/Users/JGoll/Documents/Unreal Projects/GEAProjectJGUnreal/Saved/Config/Windows/Scalability.ini]
[2022.01.20-12.02.57:765][  0]LogConfig: Setting CVar [[r.MotionBlurQuality:4]]
[2022.01.20-12.02.57:765][  0]LogConfig: Setting CVar [[r.AmbientOcclusionMipLevelFactor:0.4]]
[2022.01.20-12.02.57:765][  0]LogConfig: Setting CVar [[r.AmbientOcclusionMaxQuality:100]]
[2022.01.20-12.02.57:765][  0]LogConfig: Setting CVar [[r.AmbientOcclusionLevels:-1]]
[2022.01.20-12.02.57:765][  0]LogConfig: Setting CVar [[r.AmbientOcclusionRadiusScale:1.0]]
[2022.01.20-12.02.57:765][  0]LogConfig: Setting CVar [[r.DepthOfFieldQuality:2]]
[2022.01.20-12.02.57:765][  0]LogConfig: Setting CVar [[r.RenderTargetPoolMin:400]]
[2022.01.20-12.02.57:765][  0]LogConfig: Setting CVar [[r.LensFlareQuality:2]]
[2022.01.20-12.02.57:765][  0]LogConfig: Setting CVar [[r.SceneColorFringeQuality:1]]
[2022.01.20-12.02.57:765][  0]LogConfig: Setting CVar [[r.EyeAdaptationQuality:2]]
[2022.01.20-12.02.57:765][  0]LogConfig: Setting CVar [[r.BloomQuality:5]]
[2022.01.20-12.02.57:765][  0]LogConfig: Setting CVar [[r.FastBlurThreshold:100]]
[2022.01.20-12.02.57:765][  0]LogConfig: Setting CVar [[r.Upscale.Quality:3]]
[2022.01.20-12.02.57:765][  0]LogConfig: Setting CVar [[r.Tonemapper.GrainQuantization:1]]
[2022.01.20-12.02.57:765][  0]LogConfig: Setting CVar [[r.LightShaftQuality:1]]
[2022.01.20-12.02.57:765][  0]LogConfig: Setting CVar [[r.Filter.SizeScale:1]]
[2022.01.20-12.02.57:765][  0]LogConfig: Setting CVar [[r.Tonemapper.Quality:5]]
[2022.01.20-12.02.57:765][  0]LogConfig: Setting CVar [[r.DOF.Gather.AccumulatorQuality:1        ; higher gathering accumulator quality]]
[2022.01.20-12.02.57:765][  0]LogConfig: Setting CVar [[r.DOF.Gather.PostfilterMethod:1          ; Median3x3 postfilering method]]
[2022.01.20-12.02.57:765][  0]LogConfig: Setting CVar [[r.DOF.Gather.EnableBokehSettings:0       ; no bokeh simulation when gathering]]
[2022.01.20-12.02.57:765][  0]LogConfig: Setting CVar [[r.DOF.Gather.RingCount:4                 ; medium number of samples when gathering]]
[2022.01.20-12.02.57:765][  0]LogConfig: Setting CVar [[r.DOF.Scatter.ForegroundCompositing:1    ; additive foreground scattering]]
[2022.01.20-12.02.57:765][  0]LogConfig: Setting CVar [[r.DOF.Scatter.BackgroundCompositing:2    ; additive background scattering]]
[2022.01.20-12.02.57:765][  0]LogConfig: Setting CVar [[r.DOF.Scatter.EnableBokehSettings:1      ; bokeh simulation when scattering]]
[2022.01.20-12.02.57:765][  0]LogConfig: Setting CVar [[r.DOF.Scatter.MaxSpriteRatio:0.1         ; only a maximum of 10% of scattered bokeh]]
[2022.01.20-12.02.57:765][  0]LogConfig: Setting CVar [[r.DOF.Recombine.Quality:1                ; cheap slight out of focus]]
[2022.01.20-12.02.57:765][  0]LogConfig: Setting CVar [[r.DOF.Recombine.EnableBokehSettings:0    ; no bokeh simulation on slight out of focus]]
[2022.01.20-12.02.57:765][  0]LogConfig: Setting CVar [[r.DOF.TemporalAAQuality:1                ; more stable temporal accumulation]]
[2022.01.20-12.02.57:765][  0]LogConfig: Setting CVar [[r.DOF.Kernel.MaxForegroundRadius:0.025]]
[2022.01.20-12.02.57:765][  0]LogConfig: Setting CVar [[r.DOF.Kernel.MaxBackgroundRadius:0.025]]
[2022.01.20-12.02.57:765][  0]LogConfig: Applying CVar settings from Section [TextureQuality@3] File [C:/Users/JGoll/Documents/Unreal Projects/GEAProjectJGUnreal/Saved/Config/Windows/Scalability.ini]
[2022.01.20-12.02.57:765][  0]LogConfig: Setting CVar [[r.Streaming.MipBias:0]]
[2022.01.20-12.02.57:765][  0]LogConfig: Setting CVar [[r.Streaming.AmortizeCPUToGPUCopy:0]]
[2022.01.20-12.02.57:765][  0]LogConfig: Setting CVar [[r.Streaming.MaxNumTexturesToStreamPerFrame:0]]
[2022.01.20-12.02.57:765][  0]LogConfig: Setting CVar [[r.Streaming.Boost:1]]
[2022.01.20-12.02.57:765][  0]LogConfig: Setting CVar [[r.MaxAnisotropy:8]]
[2022.01.20-12.02.57:765][  0]LogConfig: Setting CVar [[r.VT.MaxAnisotropy:8]]
[2022.01.20-12.02.57:765][  0]LogConfig: Setting CVar [[r.Streaming.LimitPoolSizeToVRAM:0]]
[2022.01.20-12.02.57:765][  0]LogConfig: Setting CVar [[r.Streaming.PoolSize:1000]]
[2022.01.20-12.02.57:765][  0]LogConfig: Setting CVar [[r.Streaming.MaxEffectiveScreenSize:0]]
[2022.01.20-12.02.57:765][  0]LogConfig: Applying CVar settings from Section [EffectsQuality@3] File [C:/Users/JGoll/Documents/Unreal Projects/GEAProjectJGUnreal/Saved/Config/Windows/Scalability.ini]
[2022.01.20-12.02.57:765][  0]LogConfig: Setting CVar [[r.TranslucencyLightingVolumeDim:64]]
[2022.01.20-12.02.57:766][  0]LogConfig: Setting CVar [[r.RefractionQuality:2]]
[2022.01.20-12.02.57:766][  0]LogConfig: Setting CVar [[r.SSR.Quality:3]]
[2022.01.20-12.02.57:766][  0]LogConfig: Setting CVar [[r.SSR.HalfResSceneColor:0]]
[2022.01.20-12.02.57:766][  0]LogConfig: Setting CVar [[r.SceneColorFormat:4]]
[2022.01.20-12.02.57:766][  0]LogConfig: Setting CVar [[r.DetailMode:2]]
[2022.01.20-12.02.57:766][  0]LogConfig: Setting CVar [[r.TranslucencyVolumeBlur:1]]
[2022.01.20-12.02.57:766][  0]LogConfig: Setting CVar [[r.MaterialQualityLevel:1 ; High quality]]
[2022.01.20-12.02.57:766][  0]LogConfig: Setting CVar [[r.AnisotropicMaterials:1]]
[2022.01.20-12.02.57:766][  0]LogConfig: Setting CVar [[r.SSS.Scale:1]]
[2022.01.20-12.02.57:766][  0]LogConfig: Setting CVar [[r.SSS.SampleSet:2]]
[2022.01.20-12.02.57:766][  0]LogConfig: Setting CVar [[r.SSS.Quality:1]]
[2022.01.20-12.02.57:766][  0]LogConfig: Setting CVar [[r.SSS.HalfRes:0]]
[2022.01.20-12.02.57:766][  0]LogConfig: Setting CVar [[r.SSGI.Quality:3]]
[2022.01.20-12.02.57:766][  0]LogConfig: Setting CVar [[r.EmitterSpawnRateScale:1.0]]
[2022.01.20-12.02.57:766][  0]LogConfig: Setting CVar [[r.ParticleLightQuality:2]]
[2022.01.20-12.02.57:766][  0]LogConfig: Setting CVar [[r.SkyAtmosphere.AerialPerspectiveLUT.FastApplyOnOpaque:1 ; Always have FastSkyLUT 1 in this case to avoid wrong sky]]
[2022.01.20-12.02.57:766][  0]LogConfig: Setting CVar [[r.SkyAtmosphere.AerialPerspectiveLUT.SampleCountMaxPerSlice:4]]
[2022.01.20-12.02.57:766][  0]LogConfig: Setting CVar [[r.SkyAtmosphere.AerialPerspectiveLUT.DepthResolution:16.0]]
[2022.01.20-12.02.57:766][  0]LogConfig: Setting CVar [[r.SkyAtmosphere.FastSkyLUT:1]]
[2022.01.20-12.02.57:766][  0]LogConfig: Setting CVar [[r.SkyAtmosphere.FastSkyLUT.SampleCountMin:4.0]]
[2022.01.20-12.02.57:766][  0]LogConfig: Setting CVar [[r.SkyAtmosphere.FastSkyLUT.SampleCountMax:128.0]]
[2022.01.20-12.02.57:766][  0]LogConfig: Setting CVar [[r.SkyAtmosphere.SampleCountMin:4.0]]
[2022.01.20-12.02.57:766][  0]LogConfig: Setting CVar [[r.SkyAtmosphere.SampleCountMax:128.0]]
[2022.01.20-12.02.57:766][  0]LogConfig: Setting CVar [[r.SkyAtmosphere.TransmittanceLUT.UseSmallFormat:0]]
[2022.01.20-12.02.57:766][  0]LogConfig: Setting CVar [[r.SkyAtmosphere.TransmittanceLUT.SampleCount:10.0]]
[2022.01.20-12.02.57:766][  0]LogConfig: Setting CVar [[r.SkyAtmosphere.MultiScatteringLUT.SampleCount:15.0]]
[2022.01.20-12.02.57:766][  0]LogConfig: Setting CVar [[r.SkyLight.RealTimeReflectionCapture:1]]
[2022.01.20-12.02.57:766][  0]LogConfig: Applying CVar settings from Section [FoliageQuality@3] File [C:/Users/JGoll/Documents/Unreal Projects/GEAProjectJGUnreal/Saved/Config/Windows/Scalability.ini]
[2022.01.20-12.02.57:766][  0]LogConfig: Setting CVar [[foliage.DensityScale:1.0]]
[2022.01.20-12.02.57:766][  0]LogConfig: Setting CVar [[grass.DensityScale:1.0]]
[2022.01.20-12.02.57:766][  0]LogConfig: Applying CVar settings from Section [ShadingQuality@3] File [C:/Users/JGoll/Documents/Unreal Projects/GEAProjectJGUnreal/Saved/Config/Windows/Scalability.ini]
[2022.01.20-12.02.57:766][  0]LogConfig: Setting CVar [[r.HairStrands.SkyLighting.IntegrationType:2]]
[2022.01.20-12.02.57:766][  0]LogConfig: Setting CVar [[r.HairStrands.SkyAO.SampleCount:4]]
[2022.01.20-12.02.57:766][  0]LogConfig: Setting CVar [[r.HairStrands.Visibility.MSAA.SamplePerPixel:4]]
[2022.01.20-12.02.57:767][  0]LogInit: Selected Device Profile: [Windows]
[2022.01.20-12.02.57:767][  0]LogInit: Applying CVar settings loaded from the selected device profile: [Windows]
[2022.01.20-12.02.57:768][  0]LogHAL: Display: Platform has ~ 16 GB [16913207296 / 17179869184 / 16], which maps to Larger [LargestMinGB=32, LargerMinGB=12, DefaultMinGB=8, SmallerMinGB=6, SmallestMinGB=0)
[2022.01.20-12.02.57:768][  0]LogInit: Going up to parent DeviceProfile []
[2022.01.20-12.02.57:768][  0]LogConfig: Applying CVar settings from Section [ViewDistanceQuality@3] File [C:/Users/JGoll/Documents/Unreal Projects/GEAProjectJGUnreal/Saved/Config/Windows/Scalability.ini]
[2022.01.20-12.02.57:768][  0]LogConfig: Setting CVar [[r.SkeletalMeshLODBias:0]]
[2022.01.20-12.02.57:768][  0]LogConfig: Setting CVar [[r.ViewDistanceScale:1.0]]
[2022.01.20-12.02.57:768][  0]LogConfig: Applying CVar settings from Section [AntiAliasingQuality@3] File [C:/Users/JGoll/Documents/Unreal Projects/GEAProjectJGUnreal/Saved/Config/Windows/Scalability.ini]
[2022.01.20-12.02.57:768][  0]LogConfig: Setting CVar [[r.PostProcessAAQuality:4]]
[2022.01.20-12.02.57:768][  0]LogConfig: Applying CVar settings from Section [ShadowQuality@3] File [C:/Users/JGoll/Documents/Unreal Projects/GEAProjectJGUnreal/Saved/Config/Windows/Scalability.ini]
[2022.01.20-12.02.57:768][  0]LogConfig: Setting CVar [[r.LightFunctionQuality:1]]
[2022.01.20-12.02.57:768][  0]LogConfig: Setting CVar [[r.ShadowQuality:5]]
[2022.01.20-12.02.57:768][  0]LogConfig: Setting CVar [[r.Shadow.CSM.MaxCascades:10]]
[2022.01.20-12.02.57:768][  0]LogConfig: Setting CVar [[r.Shadow.MaxResolution:2048]]
[2022.01.20-12.02.57:768][  0]LogConfig: Setting CVar [[r.Shadow.MaxCSMResolution:2048]]
[2022.01.20-12.02.57:768][  0]LogConfig: Setting CVar [[r.Shadow.RadiusThreshold:0.01]]
[2022.01.20-12.02.57:768][  0]LogConfig: Setting CVar [[r.Shadow.DistanceScale:1.0]]
[2022.01.20-12.02.57:768][  0]LogConfig: Setting CVar [[r.Shadow.CSM.TransitionScale:1.0]]
[2022.01.20-12.02.57:768][  0]LogConfig: Setting CVar [[r.Shadow.PreShadowResolutionFactor:1.0]]
[2022.01.20-12.02.57:768][  0]LogConfig: Setting CVar [[r.DistanceFieldShadowing:1]]
[2022.01.20-12.02.57:768][  0]LogConfig: Setting CVar [[r.DistanceFieldAO:1]]
[2022.01.20-12.02.57:768][  0]LogConfig: Setting CVar [[r.AOQuality:2]]
[2022.01.20-12.02.57:768][  0]LogConfig: Setting CVar [[r.VolumetricFog:1]]
[2022.01.20-12.02.57:768][  0]LogConfig: Setting CVar [[r.VolumetricFog.GridPixelSize:8]]
[2022.01.20-12.02.57:768][  0]LogConfig: Setting CVar [[r.VolumetricFog.GridSizeZ:128]]
[2022.01.20-12.02.57:768][  0]LogConfig: Setting CVar [[r.VolumetricFog.HistoryMissSupersampleCount:4]]
[2022.01.20-12.02.57:768][  0]LogConfig: Setting CVar [[r.LightMaxDrawDistanceScale:1]]
[2022.01.20-12.02.57:768][  0]LogConfig: Setting CVar [[r.CapsuleShadows:1]]
[2022.01.20-12.02.57:768][  0]LogConfig: Applying CVar settings from Section [PostProcessQuality@3] File [C:/Users/JGoll/Documents/Unreal Projects/GEAProjectJGUnreal/Saved/Config/Windows/Scalability.ini]
[2022.01.20-12.02.57:768][  0]LogConfig: Setting CVar [[r.MotionBlurQuality:4]]
[2022.01.20-12.02.57:768][  0]LogConfig: Setting CVar [[r.AmbientOcclusionMipLevelFactor:0.4]]
[2022.01.20-12.02.57:768][  0]LogConfig: Setting CVar [[r.AmbientOcclusionMaxQuality:100]]
[2022.01.20-12.02.57:768][  0]LogConfig: Setting CVar [[r.AmbientOcclusionLevels:-1]]
[2022.01.20-12.02.57:768][  0]LogConfig: Setting CVar [[r.AmbientOcclusionRadiusScale:1.0]]
[2022.01.20-12.02.57:768][  0]LogConfig: Setting CVar [[r.DepthOfFieldQuality:2]]
[2022.01.20-12.02.57:769][  0]LogConfig: Setting CVar [[r.RenderTargetPoolMin:400]]
[2022.01.20-12.02.57:769][  0]LogConfig: Setting CVar [[r.LensFlareQuality:2]]
[2022.01.20-12.02.57:769][  0]LogConfig: Setting CVar [[r.SceneColorFringeQuality:1]]
[2022.01.20-12.02.57:769][  0]LogConfig: Setting CVar [[r.EyeAdaptationQuality:2]]
[2022.01.20-12.02.57:769][  0]LogConfig: Setting CVar [[r.BloomQuality:5]]
[2022.01.20-12.02.57:769][  0]LogConfig: Setting CVar [[r.FastBlurThreshold:100]]
[2022.01.20-12.02.57:769][  0]LogConfig: Setting CVar [[r.Upscale.Quality:3]]
[2022.01.20-12.02.57:769][  0]LogConfig: Setting CVar [[r.Tonemapper.GrainQuantization:1]]
[2022.01.20-12.02.57:769][  0]LogConfig: Setting CVar [[r.LightShaftQuality:1]]
[2022.01.20-12.02.57:769][  0]LogConfig: Setting CVar [[r.Filter.SizeScale:1]]
[2022.01.20-12.02.57:769][  0]LogConfig: Setting CVar [[r.Tonemapper.Quality:5]]
[2022.01.20-12.02.57:769][  0]LogConfig: Setting CVar [[r.DOF.Gather.AccumulatorQuality:1        ; higher gathering accumulator quality]]
[2022.01.20-12.02.57:769][  0]LogConfig: Setting CVar [[r.DOF.Gather.PostfilterMethod:1          ; Median3x3 postfilering method]]
[2022.01.20-12.02.57:769][  0]LogConfig: Setting CVar [[r.DOF.Gather.EnableBokehSettings:0       ; no bokeh simulation when gathering]]
[2022.01.20-12.02.57:769][  0]LogConfig: Setting CVar [[r.DOF.Gather.RingCount:4                 ; medium number of samples when gathering]]
[2022.01.20-12.02.57:769][  0]LogConfig: Setting CVar [[r.DOF.Scatter.ForegroundCompositing:1    ; additive foreground scattering]]
[2022.01.20-12.02.57:769][  0]LogConfig: Setting CVar [[r.DOF.Scatter.BackgroundCompositing:2    ; additive background scattering]]
[2022.01.20-12.02.57:769][  0]LogConfig: Setting CVar [[r.DOF.Scatter.EnableBokehSettings:1      ; bokeh simulation when scattering]]
[2022.01.20-12.02.57:769][  0]LogConfig: Setting CVar [[r.DOF.Scatter.MaxSpriteRatio:0.1         ; only a maximum of 10% of scattered bokeh]]
[2022.01.20-12.02.57:769][  0]LogConfig: Setting CVar [[r.DOF.Recombine.Quality:1                ; cheap slight out of focus]]
[2022.01.20-12.02.57:769][  0]LogConfig: Setting CVar [[r.DOF.Recombine.EnableBokehSettings:0    ; no bokeh simulation on slight out of focus]]
[2022.01.20-12.02.57:769][  0]LogConfig: Setting CVar [[r.DOF.TemporalAAQuality:1                ; more stable temporal accumulation]]
[2022.01.20-12.02.57:769][  0]LogConfig: Setting CVar [[r.DOF.Kernel.MaxForegroundRadius:0.025]]
[2022.01.20-12.02.57:769][  0]LogConfig: Setting CVar [[r.DOF.Kernel.MaxBackgroundRadius:0.025]]
[2022.01.20-12.02.57:769][  0]LogConfig: Applying CVar settings from Section [TextureQuality@3] File [C:/Users/JGoll/Documents/Unreal Projects/GEAProjectJGUnreal/Saved/Config/Windows/Scalability.ini]
[2022.01.20-12.02.57:769][  0]LogConfig: Setting CVar [[r.Streaming.MipBias:0]]
[2022.01.20-12.02.57:769][  0]LogConfig: Setting CVar [[r.Streaming.AmortizeCPUToGPUCopy:0]]
[2022.01.20-12.02.57:769][  0]LogConfig: Setting CVar [[r.Streaming.MaxNumTexturesToStreamPerFrame:0]]
[2022.01.20-12.02.57:769][  0]LogConfig: Setting CVar [[r.Streaming.Boost:1]]
[2022.01.20-12.02.57:769][  0]LogConfig: Setting CVar [[r.MaxAnisotropy:8]]
[2022.01.20-12.02.57:769][  0]LogConfig: Setting CVar [[r.VT.MaxAnisotropy:8]]
[2022.01.20-12.02.57:769][  0]LogConfig: Setting CVar [[r.Streaming.LimitPoolSizeToVRAM:0]]
[2022.01.20-12.02.57:769][  0]LogConfig: Setting CVar [[r.Streaming.PoolSize:1000]]
[2022.01.20-12.02.57:769][  0]LogConfig: Setting CVar [[r.Streaming.MaxEffectiveScreenSize:0]]
[2022.01.20-12.02.57:769][  0]LogConfig: Applying CVar settings from Section [EffectsQuality@3] File [C:/Users/JGoll/Documents/Unreal Projects/GEAProjectJGUnreal/Saved/Config/Windows/Scalability.ini]
[2022.01.20-12.02.57:769][  0]LogConfig: Setting CVar [[r.TranslucencyLightingVolumeDim:64]]
[2022.01.20-12.02.57:769][  0]LogConfig: Setting CVar [[r.RefractionQuality:2]]
[2022.01.20-12.02.57:769][  0]LogConfig: Setting CVar [[r.SSR.Quality:3]]
[2022.01.20-12.02.57:769][  0]LogConfig: Setting CVar [[r.SSR.HalfResSceneColor:0]]
[2022.01.20-12.02.57:769][  0]LogConfig: Setting CVar [[r.SceneColorFormat:4]]
[2022.01.20-12.02.57:769][  0]LogConfig: Setting CVar [[r.DetailMode:2]]
[2022.01.20-12.02.57:769][  0]LogConfig: Setting CVar [[r.TranslucencyVolumeBlur:1]]
[2022.01.20-12.02.57:769][  0]LogConfig: Setting CVar [[r.MaterialQualityLevel:1 ; High quality]]
[2022.01.20-12.02.57:769][  0]LogConfig: Setting CVar [[r.AnisotropicMaterials:1]]
[2022.01.20-12.02.57:769][  0]LogConfig: Setting CVar [[r.SSS.Scale:1]]
[2022.01.20-12.02.57:769][  0]LogConfig: Setting CVar [[r.SSS.SampleSet:2]]
[2022.01.20-12.02.57:769][  0]LogConfig: Setting CVar [[r.SSS.Quality:1]]
[2022.01.20-12.02.57:769][  0]LogConfig: Setting CVar [[r.SSS.HalfRes:0]]
[2022.01.20-12.02.57:769][  0]LogConfig: Setting CVar [[r.SSGI.Quality:3]]
[2022.01.20-12.02.57:769][  0]LogConfig: Setting CVar [[r.EmitterSpawnRateScale:1.0]]
[2022.01.20-12.02.57:769][  0]LogConfig: Setting CVar [[r.ParticleLightQuality:2]]
[2022.01.20-12.02.57:769][  0]LogConfig: Setting CVar [[r.SkyAtmosphere.AerialPerspectiveLUT.FastApplyOnOpaque:1 ; Always have FastSkyLUT 1 in this case to avoid wrong sky]]
[2022.01.20-12.02.57:769][  0]LogConfig: Setting CVar [[r.SkyAtmosphere.AerialPerspectiveLUT.SampleCountMaxPerSlice:4]]
[2022.01.20-12.02.57:769][  0]LogConfig: Setting CVar [[r.SkyAtmosphere.AerialPerspectiveLUT.DepthResolution:16.0]]
[2022.01.20-12.02.57:769][  0]LogConfig: Setting CVar [[r.SkyAtmosphere.FastSkyLUT:1]]
[2022.01.20-12.02.57:769][  0]LogConfig: Setting CVar [[r.SkyAtmosphere.FastSkyLUT.SampleCountMin:4.0]]
[2022.01.20-12.02.57:769][  0]LogConfig: Setting CVar [[r.SkyAtmosphere.FastSkyLUT.SampleCountMax:128.0]]
[2022.01.20-12.02.57:769][  0]LogConfig: Setting CVar [[r.SkyAtmosphere.SampleCountMin:4.0]]
[2022.01.20-12.02.57:769][  0]LogConfig: Setting CVar [[r.SkyAtmosphere.SampleCountMax:128.0]]
[2022.01.20-12.02.57:769][  0]LogConfig: Setting CVar [[r.SkyAtmosphere.TransmittanceLUT.UseSmallFormat:0]]
[2022.01.20-12.02.57:769][  0]LogConfig: Setting CVar [[r.SkyAtmosphere.TransmittanceLUT.SampleCount:10.0]]
[2022.01.20-12.02.57:769][  0]LogConfig: Setting CVar [[r.SkyAtmosphere.MultiScatteringLUT.SampleCount:15.0]]
[2022.01.20-12.02.57:769][  0]LogConfig: Setting CVar [[r.SkyLight.RealTimeReflectionCapture:1]]
[2022.01.20-12.02.57:769][  0]LogConfig: Applying CVar settings from Section [FoliageQuality@3] File [C:/Users/JGoll/Documents/Unreal Projects/GEAProjectJGUnreal/Saved/Config/Windows/Scalability.ini]
[2022.01.20-12.02.57:769][  0]LogConfig: Setting CVar [[foliage.DensityScale:1.0]]
[2022.01.20-12.02.57:769][  0]LogConfig: Setting CVar [[grass.DensityScale:1.0]]
[2022.01.20-12.02.57:769][  0]LogConfig: Applying CVar settings from Section [ShadingQuality@3] File [C:/Users/JGoll/Documents/Unreal Projects/GEAProjectJGUnreal/Saved/Config/Windows/Scalability.ini]
[2022.01.20-12.02.57:769][  0]LogConfig: Setting CVar [[r.HairStrands.SkyLighting.IntegrationType:2]]
[2022.01.20-12.02.57:769][  0]LogConfig: Setting CVar [[r.HairStrands.SkyAO.SampleCount:4]]
[2022.01.20-12.02.57:769][  0]LogConfig: Setting CVar [[r.HairStrands.Visibility.MSAA.SamplePerPixel:4]]
[2022.01.20-12.02.57:769][  0]LogConfig: Applying CVar settings from Section [Startup] File [../../../Engine/Config/ConsoleVariables.ini]
[2022.01.20-12.02.57:778][  0]LogConfig: Setting CVar [[net.UseAdaptiveNetUpdateFrequency:0]]
[2022.01.20-12.02.57:778][  0]LogConfig: Setting CVar [[p.chaos.AllowCreatePhysxBodies:1]]
[2022.01.20-12.02.57:778][  0]LogConfig: Setting CVar [[fx.SkipVectorVMBackendOptimizations:1]]
[2022.01.20-12.02.57:778][  0]LogConfig: Applying CVar settings from Section [ConsoleVariables] File [C:/Users/JGoll/Documents/Unreal Projects/GEAProjectJGUnreal/Saved/Config/Windows/Engine.ini]
[2022.01.20-12.02.57:778][  0]LogConfig: Applying CVar settings from Section [ConsoleVariables] File [C:/Users/JGoll/Documents/Unreal Projects/GEAProjectJGUnreal/Saved/Config/Windows/Editor.ini]
[2022.01.20-12.02.57:780][  0]LogInit: Computer: DESKTOP-JO506D7
[2022.01.20-12.02.57:780][  0]LogInit: User: JoeGollin
[2022.01.20-12.02.57:780][  0]LogInit: CPU Page size=4096, Cores=6
[2022.01.20-12.02.57:780][  0]LogInit: High frequency timer resolution =10.000000 MHz
[2022.01.20-12.02.57:780][  0]LogMemory: Memory total: Physical=15.8GB (16GB approx)
[2022.01.20-12.02.57:781][  0]LogMemory: Platform Memory Stats for Windows
[2022.01.20-12.02.57:781][  0]LogMemory: Process Physical Memory: 145.00 MB used, 145.01 MB peak
[2022.01.20-12.02.57:781][  0]LogMemory: Process Virtual Memory: 129.87 MB used, 129.87 MB peak
[2022.01.20-12.02.57:781][  0]LogMemory: Physical Memory: 13131.65 MB used,  2998.04 MB free, 16129.69 MB total
[2022.01.20-12.02.57:781][  0]LogMemory: Virtual Memory: 134193960.00 MB used,  23769.78 MB free, 134217728.00 MB total
[2022.01.20-12.02.57:788][  0]LogWindows: WindowsPlatformFeatures enabled
[2022.01.20-12.02.57:922][  0]LogInit: Physics initialised using underlying interface: PhysX
[2022.01.20-12.02.57:926][  0]LogInit: Using OS detected language (en-GB).
[2022.01.20-12.02.57:927][  0]LogInit: Using OS detected locale (en-GB).
[2022.01.20-12.02.57:952][  0]LogTextLocalizationManager: No specific localization for 'en-GB' exists, so the 'en' localization will be used.
[2022.01.20-12.02.58:441][  0]LogInit: Setting process to per monitor DPI aware
[2022.01.20-12.02.58:479][  0]LogWindowsTextInputMethodSystem: Display: IME system deactivated.
[2022.01.20-12.02.58:570][  0]LogSlate: New Slate User Created.  User Index 0, Is Virtual User: 0
[2022.01.20-12.02.58:570][  0]LogSlate: Slate User Registered.  User Index 0, Is Virtual User: 0
[2022.01.20-12.03.02:465][  0]LogD3D11RHI: Loaded GFSDK_Aftermath_Lib.x64.dll
[2022.01.20-12.03.02:485][  0]LogHMD: Failed to initialize OpenVR with code 110
[2022.01.20-12.03.02:485][  0]LogD3D11RHI: D3D11 min allowed feature level: 11_0
[2022.01.20-12.03.02:485][  0]LogD3D11RHI: D3D11 max allowed feature level: 11_0
[2022.01.20-12.03.02:485][  0]LogD3D11RHI: D3D11 adapters:
[2022.01.20-12.03.02:719][  0]LogD3D11RHI:    0. 'NVIDIA GeForce GTX 1650 Ti' (Feature Level 11_0)
[2022.01.20-12.03.02:719][  0]LogD3D11RHI:       3964/0/8064 MB DedicatedVideo/DedicatedSystem/SharedSystem, Outputs:2, VendorId:0x10de
[2022.01.20-12.03.02:815][  0]LogD3D11RHI:    1. 'Intel(R) UHD Graphics' (Feature Level 11_0)
[2022.01.20-12.03.02:815][  0]LogD3D11RHI:       128/0/8064 MB DedicatedVideo/DedicatedSystem/SharedSystem, Outputs:0, VendorId:0x8086
[2022.01.20-12.03.02:820][  0]LogD3D11RHI:    2. 'Microsoft Basic Render Driver' (Feature Level 11_0)
[2022.01.20-12.03.02:820][  0]LogD3D11RHI:       0/0/8064 MB DedicatedVideo/DedicatedSystem/SharedSystem, Outputs:0, VendorId:0x1414
[2022.01.20-12.03.02:820][  0]LogD3D11RHI: Chosen D3D11 Adapter:
[2022.01.20-12.03.02:820][  0]LogD3D11RHI:     Description : NVIDIA GeForce GTX 1650 Ti
[2022.01.20-12.03.02:820][  0]LogD3D11RHI:     VendorId    : 10de
[2022.01.20-12.03.02:820][  0]LogD3D11RHI:     DeviceId    : 1f95
[2022.01.20-12.03.02:820][  0]LogD3D11RHI:     SubSysId    : 97d1028
[2022.01.20-12.03.02:820][  0]LogD3D11RHI:     Revision    : 00a1
[2022.01.20-12.03.02:820][  0]LogD3D11RHI:     DedicatedVideoMemory : 4156555264 bytes
[2022.01.20-12.03.02:820][  0]LogD3D11RHI:     DedicatedSystemMemory : 0 bytes
[2022.01.20-12.03.02:820][  0]LogD3D11RHI:     SharedSystemMemory : 8456603648 bytes
[2022.01.20-12.03.02:820][  0]LogD3D11RHI:     AdapterLuid : 0 108860
[2022.01.20-12.03.02:830][  0]LogD3D11RHI: Creating new Direct3DDevice
[2022.01.20-12.03.02:830][  0]LogD3D11RHI:     GPU DeviceId: 0x1f95 (for the marketing name, search the web for "GPU Device Id")
[2022.01.20-12.03.02:830][  0]LogWindows: EnumDisplayDevices:
[2022.01.20-12.03.02:831][  0]LogWindows:    0. 'Intel(R) UHD Graphics' (P:0 D:1)
[2022.01.20-12.03.02:831][  0]LogWindows:    1. 'Intel(R) UHD Graphics' (P:1 D:1)
[2022.01.20-12.03.02:831][  0]LogWindows:    2. 'Intel(R) UHD Graphics' (P:0 D:0)
[2022.01.20-12.03.02:831][  0]LogWindows: DebugString: PrimaryIsNotTheChoosenAdapter PrimaryIsNotTheChoosenAdapter PrimaryIsNotTheChoosenAdapter FoundDriverCount:0 
[2022.01.20-12.03.02:831][  0]LogD3D11RHI:     Adapter Name: NVIDIA GeForce GTX 1650 Ti
[2022.01.20-12.03.02:831][  0]LogD3D11RHI:   Driver Version: Unknown (internal:Unknown, unified:Unknown)
[2022.01.20-12.03.02:831][  0]LogD3D11RHI:      Driver Date: Unknown
[2022.01.20-12.03.02:832][  0]LogRHI: Texture pool is 2774 MB (70% of 3964 MB)
[2022.01.20-12.03.02:832][  0]LogD3D11RHI: Creating D3DDevice using adapter:
[2022.01.20-12.03.02:832][  0]LogD3D11RHI:     Description : NVIDIA GeForce GTX 1650 Ti
[2022.01.20-12.03.02:832][  0]LogD3D11RHI:     VendorId    : 10de
[2022.01.20-12.03.02:832][  0]LogD3D11RHI:     DeviceId    : 1f95
[2022.01.20-12.03.02:832][  0]LogD3D11RHI:     SubSysId    : 97d1028
[2022.01.20-12.03.02:832][  0]LogD3D11RHI:     Revision    : 00a1
[2022.01.20-12.03.02:832][  0]LogD3D11RHI:     DedicatedVideoMemory : 4156555264 bytes
[2022.01.20-12.03.02:832][  0]LogD3D11RHI:     DedicatedSystemMemory : 0 bytes
[2022.01.20-12.03.02:832][  0]LogD3D11RHI:     SharedSystemMemory : 8456603648 bytes
[2022.01.20-12.03.02:832][  0]LogD3D11RHI:     AdapterLuid : 0 108860
[2022.01.20-12.03.02:905][  0]LogD3D11RHI: RHI has support for 64 bit atomics
[2022.01.20-12.03.02:906][  0]LogD3D11RHI: Async texture creation enabled
[2022.01.20-12.03.02:906][  0]LogD3D11RHI: Array index from any shader is supported
[2022.01.20-12.03.02:991][  0]LogD3D11RHI: GPU Timing Frequency: 1000.000000 (Debug: 2 1)
[2022.01.20-12.03.03:075][  0]LogRHI: GeForceNow SDK initialized: 1
[2022.01.20-12.03.03:614][  0]LogTargetPlatformManager: Display: Loaded TargetPlatform 'AllDesktop'
[2022.01.20-12.03.03:648][  0]LogTargetPlatformManager: Display: Loaded TargetPlatform 'Android'
[2022.01.20-12.03.03:648][  0]LogTargetPlatformManager: Display: Loaded TargetPlatform 'Android_ASTC'
[2022.01.20-12.03.03:648][  0]LogTargetPlatformManager: Display: Loaded TargetPlatform 'Android_DXT'
[2022.01.20-12.03.03:648][  0]LogTargetPlatformManager: Display: Loaded TargetPlatform 'Android_ETC2'
[2022.01.20-12.03.03:648][  0]LogTargetPlatformManager: Display: Loaded TargetPlatform 'AndroidClient'
[2022.01.20-12.03.03:648][  0]LogTargetPlatformManager: Display: Loaded TargetPlatform 'Android_ASTCClient'
[2022.01.20-12.03.03:648][  0]LogTargetPlatformManager: Display: Loaded TargetPlatform 'Android_DXTClient'
[2022.01.20-12.03.03:648][  0]LogTargetPlatformManager: Display: Loaded TargetPlatform 'Android_ETC2Client'
[2022.01.20-12.03.03:648][  0]LogTargetPlatformManager: Display: Loaded TargetPlatform 'Android_Multi'
[2022.01.20-12.03.03:648][  0]LogTargetPlatformManager: Display: Loaded TargetPlatform 'Android_MultiClient'
[2022.01.20-12.03.03:676][  0]LogTargetPlatformManager: Display: Loaded TargetPlatform 'IOSClient'
[2022.01.20-12.03.03:676][  0]LogTargetPlatformManager: Display: Loaded TargetPlatform 'IOS'
[2022.01.20-12.03.03:703][  0]LogTargetPlatformManager: Display: Loaded TargetPlatform 'Linux'
[2022.01.20-12.03.03:709][  0]LogTargetPlatformManager: Display: Loaded TargetPlatform 'LinuxNoEditor'
[2022.01.20-12.03.03:718][  0]LogTargetPlatformManager: Display: Loaded TargetPlatform 'LinuxClient'
[2022.01.20-12.03.03:725][  0]LogTargetPlatformManager: Display: Loaded TargetPlatform 'LinuxServer'
[2022.01.20-12.03.03:748][  0]LogTargetPlatformManager: Display: Loaded TargetPlatform 'LinuxAArch64NoEditor'
[2022.01.20-12.03.03:756][  0]LogTargetPlatformManager: Display: Loaded TargetPlatform 'LinuxAArch64Client'
[2022.01.20-12.03.03:763][  0]LogTargetPlatformManager: Display: Loaded TargetPlatform 'LinuxAArch64Server'
[2022.01.20-12.03.03:802][  0]LogTargetPlatformManager: Display: Loaded TargetPlatform 'Lumin'
[2022.01.20-12.03.03:802][  0]LogTargetPlatformManager: Display: Loaded TargetPlatform 'LuminClient'
[2022.01.20-12.03.03:825][  0]LogTargetPlatformManager: Display: Loaded TargetPlatform 'MacNoEditor'
[2022.01.20-12.03.03:834][  0]LogTargetPlatformManager: Display: Loaded TargetPlatform 'Mac'
[2022.01.20-12.03.03:840][  0]LogTargetPlatformManager: Display: Loaded TargetPlatform 'MacClient'
[2022.01.20-12.03.03:847][  0]LogTargetPlatformManager: Display: Loaded TargetPlatform 'MacServer'
[2022.01.20-12.03.03:863][  0]LogTargetPlatformManager: Display: Loaded TargetPlatform 'TVOSClient'
[2022.01.20-12.03.03:863][  0]LogTargetPlatformManager: Display: Loaded TargetPlatform 'TVOS'
[2022.01.20-12.03.03:878][  0]LogTargetPlatformManager: Display: Loaded TargetPlatform 'WindowsNoEditor'
[2022.01.20-12.03.03:888][  0]LogTargetPlatformManager: Display: Loaded TargetPlatform 'Windows'
[2022.01.20-12.03.03:896][  0]LogTargetPlatformManager: Display: Loaded TargetPlatform 'WindowsClient'
[2022.01.20-12.03.03:904][  0]LogTargetPlatformManager: Display: Loaded TargetPlatform 'WindowsServer'
[2022.01.20-12.03.03:904][  0]LogTargetPlatformManager: Display: Building Assets For Windows
[2022.01.20-12.03.03:925][  0]LogAudioDebug: Display: Lib vorbis DLL was dynamically loaded.
[2022.01.20-12.03.03:994][  0]LogTextureFormatOodle: Display: Oodle Texture 2.9.0 init RDO Off
[2022.01.20-12.03.04:108][  0]LogRendererCore: Ray tracing is disabled. Reason: r.RayTracing=0.
[2022.01.20-12.03.04:110][  0]LogShaderCompilers: Guid format shader working directory is -28 characters bigger than the processId version (../../../../../../Users/JGoll/Documents/Unreal Projects/GEAProjectJGUnreal/Intermediate/Shaders/WorkingDirectory/9056/).
[2022.01.20-12.03.04:110][  0]LogShaderCompilers: Cleaned the shader compiler working directory 'C:/Users/JGoll/AppData/Local/Temp/UnrealShaderWorkingDir/81BB5DBC45EA8A045F157385994E5DA7/'.
[2022.01.20-12.03.04:112][  0]LogXGEController: Cannot use XGE Controller as Incredibuild is not installed on this machine.
[2022.01.20-12.03.04:113][  0]LogShaderCompilers: Cannot use XGE Shader Compiler as Incredibuild is not installed on this machine.
[2022.01.20-12.03.04:113][  0]LogShaderCompilers: Display: Using Local Shader Compiler.
[2022.01.20-12.03.10:450][  0]LogDerivedDataCache: Display: Max Cache Size: 512 MB
[2022.01.20-12.03.10:575][  0]LogDerivedDataCache: Loaded boot cache 0.12s 95MB C:/Users/JGoll/AppData/Local/UnrealEngine/4.27/DerivedDataCache/Boot.ddc.
[2022.01.20-12.03.10:575][  0]LogDerivedDataCache: Display: Loaded Boot cache: C:/Users/JGoll/AppData/Local/UnrealEngine/4.27/DerivedDataCache/Boot.ddc
[2022.01.20-12.03.10:575][  0]LogDerivedDataCache: FDerivedDataBackendGraph:  Pak pak cache file ../../../../../../Users/JGoll/Documents/Unreal Projects/GEAProjectJGUnreal/DerivedDataCache/DDC.ddp not found, will not use a pak cache.
[2022.01.20-12.03.10:575][  0]LogDerivedDataCache: Unable to find inner node Pak for hierarchical cache Hierarchy.
[2022.01.20-12.03.10:575][  0]LogDerivedDataCache: FDerivedDataBackendGraph:  CompressedPak pak cache file ../../../../../../Users/JGoll/Documents/Unreal Projects/GEAProjectJGUnreal/DerivedDataCache/Compressed.ddp not found, will not use a pak cache.
[2022.01.20-12.03.10:575][  0]LogDerivedDataCache: Unable to find inner node CompressedPak for hierarchical cache Hierarchy.
[2022.01.20-12.03.10:613][  0]LogDerivedDataCache: Display: Pak cache opened for reading ../../../Engine/DerivedDataCache/Compressed.ddp.
[2022.01.20-12.03.10:613][  0]LogDerivedDataCache: FDerivedDataBackendGraph:  EnterprisePak pak cache file ../../../Enterprise/DerivedDataCache/Compressed.ddp not found, will not use a pak cache.
[2022.01.20-12.03.10:613][  0]LogDerivedDataCache: Unable to find inner node EnterprisePak for hierarchical cache Hierarchy.
[2022.01.20-12.03.10:707][  0]LogDerivedDataCache: Speed tests for C:/Users/JGoll/AppData/Local/UnrealEngine/Common/DerivedDataCache took 0.09 seconds
[2022.01.20-12.03.10:707][  0]LogDerivedDataCache: Display: Performance to C:/Users/JGoll/AppData/Local/UnrealEngine/Common/DerivedDataCache: Latency=0.45ms. RandomReadSpeed=12.59MBs, RandomWriteSpeed=66.83MBs. Assigned SpeedClass 'Local'
[2022.01.20-12.03.10:710][  0]LogDerivedDataCache: Using Local data cache path C:/Users/JGoll/AppData/Local/UnrealEngine/Common/DerivedDataCache: Writable
[2022.01.20-12.03.10:710][  0]LogDerivedDataCache: Shared data cache path not found in *engine.ini, will not use an Shared cache.
[2022.01.20-12.03.10:710][  0]LogDerivedDataCache: Unable to find inner node Shared for hierarchical cache Hierarchy.
[2022.01.20-12.03.10:790][  0]LogSlate: Using FreeType 2.10.0
[2022.01.20-12.03.10:811][  0]LogSlate: SlateFontServices - WITH_FREETYPE: 1, WITH_HARFBUZZ: 1
[2022.01.20-12.03.10:867][  0]LogAssetRegistry: FAssetRegistry took 0.0089 seconds to start up
[2022.01.20-12.03.11:498][  0]LogInit: Selected Device Profile: [Windows]
[2022.01.20-12.03.11:498][  0]LogInit: Active device profile: [000001977F494F00][000001977ED01A00 49] Windows
[2022.01.20-12.03.11:498][  0]LogInit: Profiles: [000001977F494F00][000001977ED01A00 49] Windows, [000001977F45A400][000001977C5DBB80 49] WindowsNoEditor, [000001977F495F00][000001977C5DE180 49] WindowsServer, [000001977F459600][000001977BCFC300 49] WindowsClient, [000001977F495000][000001977BD04480 49] IOS, [000001977F45BA00][000001977ED3C5C0 49] iPadAir, [000001977F497300][000001977BD08700 49] iPadAir2, [000001977F3D1300][000001977BD10940 49] IPadPro, [000001977F3D1400][000001977BD0C980 49] iPadAir3, [000001977F458B00][000001977BD18B00 49] iPadAir4, [000001977F3D2100][000001977ECB4C80 49] iPadMini2, [000001977F45B400][000001977ECE8E00 49] iPadMini3, [000001977F3D2C00][000001977ECECF80 49] iPadMini4, [000001977F45A700][000001977ECFD100 49] iPadMini5, [000001977F3E4E00][000001976056F3C0 49] iPhone6, [000001977F3E4F00][000001976056B400 49] iPodTouch6, [000001977F496800][000001977EE636C0 49] iPhone7, [000001977F496900][000001977EE5F700 49] iPodTouch7, [000001977F3D0C00][000001977EE67880 49] iPhone5S, [000001977F495300][000001977EE6BA00 49] iPhone6Plus, [000001977F497A00][000001977EEAFB80 49] iPhone6S, [000001977F3E5300][000001977EEB2180 49] iPhone6SPlus, [000001977F494B00][000001977EEBA300 49] iPhone7Plus, [000001977F3E5600][000001977EBF6480 49] iPhoneSE, [000001977F494A00][000001977EBFA600 49] iPhone8, [000001977F3E5200][000001977BD14740 49] iPhone8Plus, [000001977F3D2B00][000001977BC00880 49] iPhoneX, [000001977F3E4C00][000001977BC109C0 49] iPhoneXS, [000001977F3D3A00][000001977BCF6B00 49] iPhoneXSMax, [000001977F3E7800][000001977EEB6C80 49] iPhoneXR, [000001977F3D0D00][000001977BC14E00 49] iPhone11, [000001977F3E6600][000001977BC18F80 49] iPhone11Pro, [000001977F3D2900][000001977EE5B100 49] iPhone11ProMax, [000001977F3E4200][000001977BC1D280 49] iPhoneSE2, [000001977F3D0B00][000001977ED05400 49] iPhone12Mini, [000001977F3E6A00][000001977ED09580 49] iPhone12, [000001977F3D2E00][000001977ED0D700 49] iPhone12Pro, [000001977F3E4A00][000001977ED11880 49] iPhone12ProMax, [000001977F3D3200][000001977ED15A00 49] iPadPro105, [000001977F3E7600][000001977ED19B80 49] iPadPro129, [000001977F3D2000][000001977ED1C180 49] iPadPro97, [000001977F3E6000][000001977ED20300 49] iPadPro2_129, [000001977F3D2400][000001977ED24480 49] iPad5, [000001977F3E5400][000001977ED28600 49] iPad6, [000001977F3D1000][000001977EC14780 49] iPad7, [000001977F3E5700][000001977EC18900 49] iPad8, [000001977F3D3C00][000001977EE6EA40 49] iPadPro11, [000001977F3E5800][000001977EC1CB80 49] iPadPro2_11, [000001977F3D0600][000001977F126CC0 49] iPadPro3_129, [000001977F3E4D00][000001977F12EE40 49] iPadPro4_129, [000001977F3D3100][000001977F132FC0 49] AppleTV, [000001977F3E4800][000001977F137140 49] AppleTV4K, [000001977F3D0500][000001977F13B2C0 49] TVOS, [000001977F3E4500][000001977F13F440 49] Mac, [000001977F3D0700][000001977F1435C0 49] MacClient, [000001977F3E5500][000001977C599740 49] MacNoEditor, [000001977F3D1500][000001977C59D8C0 49] MacServer, [000001977F3E6E00][000001977C5A1A40 49] Linux, [000001977F3D0400][000001977C5A5BC0 49] LinuxAArch64, [000001977F3E5E00][000001977C5A81C0 49] LinuxNoEditor, [000001977F3D1C00][000001977C5AC340 49] LinuxAArch64NoEditor, [000001977F3E6900][000001977C5B04C0 49] LinuxClient, [000001977F3D2D00][000001977C5B4640 49] LinuxAArch64Client, [000001977F3E4100][000001977C5B87C0 49] LinuxServer, [000001977F3D1E00][000001977C5BC940 49] LinuxAArch64Server, [000001977F3E4B00][000001977C5C0AC0 49] Android, [000001977F3D1A00][000001977F12AC00 49] Android_Low, [000001977F3E6F00][000001977C5C4D40 49] Android_Mid, [000001977F3D1100][000001977C5C8E80 49] Android_High, [000001977F3E7000][000001977C5CCFC0 49] Android_Default, [000001977F3D1700][000001977EE77140 49] Android_Adreno4xx, [000001977F3E5900][000001977EE7B2C0 49] Android_Adreno5xx_Low, [000001977F3D0A00][000001977EE7F440 49] Android_Adreno5xx, [000001977F3E7400][000001977EE835C0 49] Android_Adreno6xx, [000001977F3D0E00][000001977EE87740 49] Android_Adreno6xx_Vulkan, [000001977F3E7100][000001977EE8B8C0 49] Android_Mali_T6xx, [000001977F495E00][000001977EE8FA40 49] Android_Mali_T7xx, [000001977F458800][000001977EE93BC0 49] Android_Mali_T8xx, [000001977F495200][000001977EE961C0 49] Android_Mali_G71, [000001977F458E00][000001977EE9A340 49] Android_Mali_G72, [000001977F495100][000001977EE9E4C0 49] Android_Mali_G72_Vulkan, [000001977F45A500][000001977EEA2640 49] Android_Mali_G76, [000001977F495500][000001977EEA67C0 49] Android_Mali_G76_Vulkan, [000001977F45A000][000001977EEAA940 49] Android_Mali_G77, [000001977F497F00][000001977EC20AC0 49] Android_Mali_G77_Vulkan, [000001977F459D00][000001977EC24C40 49] Android_Mali_G78, [000001977F494300][000001977EE72D80 49] Android_Mali_G78_Vulkan, [000001977F458400][000001977EC28EC0 49] Android_Mali_G710, [000001977F497700][000001977EC2D000 49] Android_Mali_G710_Vulkan, [000001977F45B100][000001977EC31140 49] Android_Vulkan_SM5, [000001977F494800][000001977EC392C0 49] Android_PowerVR_G6xxx, [000001977F458A00][000001977EC3D440 49] Android_PowerVR_GT7xxx, [000001977F494D00][000001977EC415C0 49] Android_PowerVR_GE8xxx, [000001977F45BB00][000001977EC45740 49] Android_PowerVR_GM9xxx, [000001977F494600][000001977EC498C0 49] Android_PowerVR_GM9xxx_Vulkan, [000001977F459200][000001977EC4DA40 49] Android_TegraK1, [000001977F496B00][000001977EC51BC0 49] Android_Unknown_Vulkan, [000001977F45B000][000001977EC541C0 49] Lumin, [000001977F496000][000001977EC58340 49] Lumin_Desktop, [000001977F45AE00][000001977EC5C4C0 49] HoloLens, 
[2022.01.20-12.03.11:955][  0]LogMeshReduction: Using QuadricMeshReduction for automatic static mesh reduction
[2022.01.20-12.03.11:955][  0]LogMeshReduction: Using SimplygonMeshReduction for automatic skeletal mesh reduction
[2022.01.20-12.03.11:955][  0]LogMeshReduction: Using ProxyLODMeshReduction for automatic mesh merging
[2022.01.20-12.03.11:955][  0]LogMeshReduction: No distributed automatic mesh merging module available
[2022.01.20-12.03.11:955][  0]LogMeshMerging: No distributed automatic mesh merging module available
[2022.01.20-12.03.12:075][  0]LogNetVersion: GEAProjectJGUnreal 1.0.0, NetCL: 17155196, EngineNetVer: 17, GameNetVer: 0 (Checksum: 1394365474)
[2022.01.20-12.03.14:449][  0]LogTexture: Default maximum texture size for cubemaps generated from long-lat sources has been changed from 512 to unlimited. In order to preserve old behaiour for '/Engine/MapTemplates/Sky/DaylightAmbientCubemap.DaylightAmbientCubemap', its maximum texture size has been explicitly set to 512.
[2022.01.20-12.03.14:921][  0]LogHMD: PokeAHoleMaterial loaded successfully
[2022.01.20-12.03.14:941][  0]LogUObjectArray: 17178 objects as part of root set at end of initial load.
[2022.01.20-12.03.14:941][  0]LogUObjectAllocator: 4302048 out of 0 bytes used by permanent object pool.
[2022.01.20-12.03.14:941][  0]LogUObjectArray: CloseDisregardForGC: 0/0 objects in disregard for GC pool
[2022.01.20-12.03.15:834][  0]LogNiagaraDebuggerClient: Niagara Debugger Client Initialized | Session: BBDC734544D2D1B506F8C794B975F869 | Instance: 2F8BE3A54F110D04F879468AE1722A1D (DESKTOP-JO506D7-9056).
[2022.01.20-12.03.16:992][  0]LogTcpMessaging: Initializing TcpMessaging bridge
[2022.01.20-12.03.17:007][  0]LogUdpMessaging: Initializing bridge on interface 0.0.0.0:0 to multicast group 230.0.0.1:6666.
[2022.01.20-12.03.17:065][  0]LogPython: Using Python 3.7.7
[2022.01.20-12.03.22:675][  0]SourceControl: Source control is disabled
[2022.01.20-12.03.22:676][  0]SourceControl: Source control is disabled
[2022.01.20-12.03.22:702][  0]SourceControl: Source control is disabled
[2022.01.20-12.03.22:721][  0]SourceControl: Source control is disabled
[2022.01.20-12.03.22:764][  0]SourceControl: Source control is disabled
[2022.01.20-12.03.22:775][  0]LogUProjectInfo: Found projects:
[2022.01.20-12.03.24:015][  0]LogOpenImageDenoise: OIDN starting up
[2022.01.20-12.03.24:108][  0]LogAndroidPermission: UAndroidPermissionCallbackProxy::GetInstance
[2022.01.20-12.03.24:156][  0]LogAudioCaptureCore: Display: No Audio Capture implementations found. Audio input will be silent.
[2022.01.20-12.03.24:156][  0]LogAudioCaptureCore: Display: No Audio Capture implementations found. Audio input will be silent.
[2022.01.20-12.03.24:866][  0]LogCollectionManager: Loaded 0 collections in 0.003239 seconds
[2022.01.20-12.03.24:971][  0]LogFileCache: Scanning file cache for directory 'C:/Users/JGoll/Documents/Unreal Projects/GEAProjectJGUnreal/Saved/Collections/' took 0.00s
[2022.01.20-12.03.24:971][  0]LogFileCache: Scanning file cache for directory 'C:/Users/JGoll/Documents/Unreal Projects/GEAProjectJGUnreal/Content/Developers/JoeGollin/Collections/' took 0.00s
[2022.01.20-12.03.24:971][  0]LogFileCache: Scanning file cache for directory 'C:/Users/JGoll/Documents/Unreal Projects/GEAProjectJGUnreal/Content/Collections/' took 0.00s
[2022.01.20-12.03.24:971][  0]LogOcInput: OculusInput pre-init called
[2022.01.20-12.03.25:648][  0]LogEngine: Initializing Engine...
[2022.01.20-12.03.25:740][  0]LogHMD: Failed to enumerate extensions. Please check that you have a valid OpenXR runtime installed.
[2022.01.20-12.03.25:741][  0]LogHMD: Failed to initialize OpenVR with code 110
[2022.01.20-12.03.25:741][  0]LogMagicLeap: Warning: VR disabled because ZI is not enabled.  To enable, in the editor, Edit -> Project Settings -> Plugins -> Magic Leap Plugin -> Enable Zero Iteration
[2022.01.20-12.03.25:750][  0]LogStats: UGameplayTagsManager::InitializeManager -  0.002 s
[2022.01.20-12.03.26:766][  0]LogInit: Initializing FReadOnlyCVARCache
[2022.01.20-12.03.26:872][  0]LogAIModule: Creating AISystem for world Untitled
[2022.01.20-12.03.26:894][  0]LogAudio: Display: Initializing Audio Device Manager...
[2022.01.20-12.03.26:911][  0]LogAudio: Display: Loading Default Audio Settings Objects...
[2022.01.20-12.03.26:929][  0]LogAudio: Display: No default SoundConcurrencyObject specified (or failed to load).
[2022.01.20-12.03.26:933][  0]LogAudio: Display: Audio Device Manager Initialized
[2022.01.20-12.03.26:933][  0]LogAudio: Display: Creating Audio Device:                 Id: 1, Scope: Shared, Realtime: True
[2022.01.20-12.03.26:935][  0]LogAudioMixer: Display: Audio Mixer Platform Settings:
[2022.01.20-12.03.26:935][  0]LogAudioMixer: Display: 	Sample Rate:						  48000
[2022.01.20-12.03.26:935][  0]LogAudioMixer: Display: 	Callback Buffer Frame Size Requested: 1024
[2022.01.20-12.03.26:935][  0]LogAudioMixer: Display: 	Callback Buffer Frame Size To Use:	  1024
[2022.01.20-12.03.26:935][  0]LogAudioMixer: Display: 	Number of buffers to queue:			  2
[2022.01.20-12.03.26:935][  0]LogAudioMixer: Display: 	Max Channels (voices):				  32
[2022.01.20-12.03.26:935][  0]LogAudioMixer: Display: 	Number of Async Source Workers:		  0
[2022.01.20-12.03.26:936][  0]LogAudio: Display: AudioDevice MaxSources: 32
[2022.01.20-12.03.26:939][  0]LogAudio: Display: Audio Spatialization Plugin: None (built-in).
[2022.01.20-12.03.26:940][  0]LogAudio: Display: Audio Reverb Plugin: None (built-in).
[2022.01.20-12.03.26:940][  0]LogAudio: Display: Audio Occlusion Plugin: None (built-in).
[2022.01.20-12.03.26:940][  0]LogAudioMixer: Display: Initializing audio mixer.
[2022.01.20-12.03.26:972][  0]LogAudioMixer: Display: 0: FrontLeft
[2022.01.20-12.03.26:972][  0]LogAudioMixer: Display: 1: FrontRight
[2022.01.20-12.03.27:022][  0]LogAudioMixer: Display: Using Audio Device Headphones (WH-1000XM4 Stereo)
[2022.01.20-12.03.27:027][  0]LogAudioMixer: Display: Initializing Sound Submixes...
[2022.01.20-12.03.27:119][  0]LogAudioMixer: Display: Creating Master Submix 'MasterSubmixDefault'
[2022.01.20-12.03.27:120][  0]LogAudioMixer: Display: Creating Master Submix 'MasterReverbSubmixDefault'
[2022.01.20-12.03.27:125][  0]LogAudioMixer: Display: Creating Master Submix 'MasterEQSubmixDefault'
[2022.01.20-12.03.27:126][  0]LogAudioMixer: FMixerPlatformXAudio2::StartAudioStream() called
[2022.01.20-12.03.27:126][  0]LogAudioMixer: Display: Output buffers initialized: Frames=1024, Channels=2, Samples=2048
[2022.01.20-12.03.27:130][  0]LogAudioMixer: Display: Starting AudioMixerPlatformInterface::RunInternal()
[2022.01.20-12.03.27:130][  0]LogAudioMixer: Display: FMixerPlatformXAudio2::SubmitBuffer() called for the first time
[2022.01.20-12.03.27:130][  0]LogInit: FAudioDevice initialized.
[2022.01.20-12.03.27:131][  0]LogAudio: Display: Audio Device (ID: 1) registered with world 'Untitled'.
[2022.01.20-12.03.27:133][  0]LogNetVersion: Set ProjectVersion to 1.0.0.0. Version Checksum will be recalculated on next use.
[2022.01.20-12.03.27:291][  0]LogDerivedDataCache: Saved boot cache 0.16s 94MB C:/Users/JGoll/AppData/Local/UnrealEngine/4.27/DerivedDataCache/Boot.ddc.
[2022.01.20-12.03.27:293][  0]LogInit: Texture streaming: Enabled
[2022.01.20-12.03.27:337][  0]LogAnalytics: Display: [UEEditor.Rocket.Release] APIServer = https://datarouter.ol.epicgames.com/. AppVersion = 4.27.2-18319896+++UE4+Release-4.27
[2022.01.20-12.03.27:350][  0]LogEngineSessionManager: EngineSessionManager initialized
[2022.01.20-12.03.27:350][  0]LogEngineSessionManager: EngineSessionManager sent abnormal shutdown report. Type=Crashed, SessionId={044E31FB-4B80-D81D-25EF-C5B845B539CC}
[2022.01.20-12.03.27:350][  0]LogEditorSessionSummary: Verbose: Initializing EditorSessionSummaryWriter for editor session tracking
[2022.01.20-12.03.27:354][  0]LogEditorSessionSummary: EditorSessionSummaryWriter initialized
[2022.01.20-12.03.27:455][  0]LogInit: Transaction tracking system initialized
[2022.01.20-12.03.27:549][  0]BlueprintLog: New page: Editor Load
[2022.01.20-12.03.27:894][  0]LocalizationService: Localization service is disabled
[2022.01.20-12.03.28:017][  0]TimingProfiler: Initialize
[2022.01.20-12.03.28:020][  0]TimingProfiler: OnSessionChanged
[2022.01.20-12.03.28:020][  0]LoadingProfiler: Initialize
[2022.01.20-12.03.28:021][  0]LoadingProfiler: OnSessionChanged
[2022.01.20-12.03.28:022][  0]NetworkingProfiler: Initialize
[2022.01.20-12.03.28:023][  0]NetworkingProfiler: OnSessionChanged
[2022.01.20-12.03.28:023][  0]MemoryProfiler: Initialize
[2022.01.20-12.03.28:024][  0]MemoryProfiler: OnSessionChanged
[2022.01.20-12.03.29:191][  0]LogCook: Display: CookSettings for Memory: MemoryMaxUsedVirtual 0MiB, MemoryMaxUsedPhysical 16384MiB, MemoryMinFreeVirtual 0MiB, MemoryMinFreePhysical 1024MiB
[2022.01.20-12.03.29:192][  0]LogFileCache: Scanning file cache for directory 'C:/Users/JGoll/Documents/Unreal Projects/GEAProjectJGUnreal/Content/' took 0.01s
[2022.01.20-12.03.29:192][  0]LogCook: Display: Mobile HDR setting 1
[2022.01.20-12.03.30:397][  0]LogInit: Display: Engine is initialized. Leaving FEngineLoop::Init()
[2022.01.20-12.03.30:406][  0]SourceControl: Source control is disabled
[2022.01.20-12.03.30:407][  0]LogUnrealEdMisc: Loading editor; pre map load, took 38.600
[2022.01.20-12.03.30:409][  0]Cmd: MAP LOAD FILE="../../../../../../Users/JGoll/Documents/Unreal Projects/GEAProjectJGUnreal/Content/ThirdPersonBP/Maps/ThirdPersonExampleMap.umap" TEMPLATE=0 SHOWPROGRESS=1 FEATURELEVEL=3
[2022.01.20-12.03.30:419][  0]LightingResults: New page: Lighting Build
[2022.01.20-12.03.30:428][  0]LogWorld: UWorld::CleanupWorld for Untitled, bSessionEnded=true, bCleanupResources=true
[2022.01.20-12.03.30:431][  0]LogSlate: InvalidateAllWidgets triggered.  All widgets were invalidated
[2022.01.20-12.03.30:433][  0]MapCheck: New page: Map Check
[2022.01.20-12.03.30:433][  0]LightingResults: New page: Lighting Build
[2022.01.20-12.03.30:448][  0]LogAudio: Display: Audio Device unregistered from world 'None'.
[2022.01.20-12.03.30:462][  0]LogUObjectHash: Compacting FUObjectHashTables data took   2.48ms
[2022.01.20-12.03.32:543][  0]LogAudio: Display: Audio Device (ID: 1) registered with world 'ThirdPersonExampleMap'.
[2022.01.20-12.03.32:546][  0]LogAIModule: Creating AISystem for world ThirdPersonExampleMap
[2022.01.20-12.03.32:673][  0]Warning:  applied to a non-external Texture2D sampler. This may work by chance on some platforms but is not portable. Please change sampler type to 'External'. Parameter 'Color Texture' (slot 0) in material 'Spotlight_Material'
[2022.01.20-12.03.32:673][  0]Warning:  applied to a non-external Texture2D sampler. This may work by chance on some platforms but is not portable. Please change sampler type to 'External'. Parameter 'Color Texture' (slot 0) in material 'Spotlight_Material'
[2022.01.20-12.03.32:673][  0]Warning:  applied to a non-external Texture2D sampler. This may work by chance on some platforms but is not portable. Please change sampler type to 'External'. Parameter 'Color Texture' (slot 0) in material 'Spotlight_Material'
[2022.01.20-12.03.32:673][  0]Warning:  applied to a non-external Texture2D sampler. This may work by chance on some platforms but is not portable. Please change sampler type to 'External'. Parameter 'Color Texture' (slot 0) in material 'Spotlight_Material'
[2022.01.20-12.03.32:725][  0]LogEditorServer: Finished looking for orphan Actors (0.000 secs)
[2022.01.20-12.03.32:768][  0]LogUObjectHash: Compacting FUObjectHashTables data took   2.65ms
[2022.01.20-12.03.32:772][  0]Cmd: MAP CHECKDEP NOCLEARLOG
[2022.01.20-12.03.32:774][  0]MapCheck: Map check complete: 0 Error(s), 0 Warning(s), took 0.977ms to complete.
[2022.01.20-12.03.32:774][  0]LogFileHelpers: Loading map 'ThirdPersonExampleMap' took 2.366
[2022.01.20-12.03.32:834][  0]LogUnrealEdMisc: Total Editor Startup Time, took 41.027
[2022.01.20-12.03.33:141][  0]LogSlate: Updating window title bar state: overlay mode, drag disabled, window buttons hidden, title bar hidden
[2022.01.20-12.03.33:156][  0]LogSlate: Updating window title bar state: overlay mode, drag disabled, window buttons hidden, title bar hidden
[2022.01.20-12.03.33:170][  0]LogSlate: Updating window title bar state: overlay mode, drag disabled, window buttons hidden, title bar hidden
[2022.01.20-12.03.33:179][  0]LogSlate: Updating window title bar state: overlay mode, drag disabled, window buttons hidden, title bar hidden
[2022.01.20-12.03.33:254][  0]LogNativeClassHierarchy: Verbose: Native class hierarchy populated in 0.0175 seconds. Added 3825 classes and 933 folders.
[2022.01.20-12.03.33:304][  0]LogNativeClassHierarchy: Verbose: Native class hierarchy updated for 'WidgetCarousel' in 0.0004 seconds. Added 0 classes and 0 folders.
[2022.01.20-12.03.33:326][  0]LogPakFile: PakFile PrimaryIndexSize=187
[2022.01.20-12.03.33:326][  0]LogPakFile: PakFile PathHashIndexSize=101
[2022.01.20-12.03.33:326][  0]LogPakFile: PakFile FullDirectoryIndexSize=148
[2022.01.20-12.03.33:328][  0]LogShaderLibrary: Display: ShaderCodeLibraryPakFileMountedCallback: PakFile 'C:/Program Files/Epic Games/UE_4.27/FeaturePacks/FP_FirstPerson.upack' (chunk index -1, root 'root:/') mounted
[2022.01.20-12.03.33:328][  0]LogShaderLibrary: Display: ShaderCodeLibraryPakFileMountedCallback: pending pak file info (ChunkID:-1 Root:root:/ File:C:/Program Files/Epic Games/UE_4.27/FeaturePacks/FP_FirstPerson.upack)
[2022.01.20-12.03.33:328][  0]LogPakFile: OnPakFileMounted2Time == 0.002256
[2022.01.20-12.03.33:345][  0]LogPakFile: PakFile PrimaryIndexSize=189
[2022.01.20-12.03.33:346][  0]LogPakFile: PakFile PathHashIndexSize=101
[2022.01.20-12.03.33:346][  0]LogPakFile: PakFile FullDirectoryIndexSize=152
[2022.01.20-12.03.33:346][  0]LogShaderLibrary: Display: ShaderCodeLibraryPakFileMountedCallback: PakFile 'C:/Program Files/Epic Games/UE_4.27/FeaturePacks/FP_FirstPersonBP.upack' (chunk index -1, root 'root:/') mounted
[2022.01.20-12.03.33:346][  0]LogShaderLibrary: Display: ShaderCodeLibraryPakFileMountedCallback: pending pak file info (ChunkID:-1 Root:root:/ File:C:/Program Files/Epic Games/UE_4.27/FeaturePacks/FP_FirstPersonBP.upack)
[2022.01.20-12.03.33:346][  0]LogPakFile: OnPakFileMounted2Time == 0.000116
[2022.01.20-12.03.33:355][  0]LogPakFile: PakFile PrimaryIndexSize=191
[2022.01.20-12.03.33:356][  0]LogPakFile: PakFile PathHashIndexSize=101
[2022.01.20-12.03.33:356][  0]LogPakFile: PakFile FullDirectoryIndexSize=160
[2022.01.20-12.03.33:356][  0]LogShaderLibrary: Display: ShaderCodeLibraryPakFileMountedCallback: PakFile 'C:/Program Files/Epic Games/UE_4.27/FeaturePacks/MobileStarterContent.upack' (chunk index -1, root 'root:/') mounted
[2022.01.20-12.03.33:356][  0]LogShaderLibrary: Display: ShaderCodeLibraryPakFileMountedCallback: pending pak file info (ChunkID:-1 Root:root:/ File:C:/Program Files/Epic Games/UE_4.27/FeaturePacks/MobileStarterContent.upack)
[2022.01.20-12.03.33:356][  0]LogPakFile: OnPakFileMounted2Time == 0.000082
[2022.01.20-12.03.33:369][  0]LogPakFile: PakFile PrimaryIndexSize=185
[2022.01.20-12.03.33:369][  0]LogPakFile: PakFile PathHashIndexSize=101
[2022.01.20-12.03.33:369][  0]LogPakFile: PakFile FullDirectoryIndexSize=148
[2022.01.20-12.03.33:369][  0]LogShaderLibrary: Display: ShaderCodeLibraryPakFileMountedCallback: PakFile 'C:/Program Files/Epic Games/UE_4.27/FeaturePacks/StarterContent.upack' (chunk index -1, root 'root:/') mounted
[2022.01.20-12.03.33:369][  0]LogShaderLibrary: Display: ShaderCodeLibraryPakFileMountedCallback: pending pak file info (ChunkID:-1 Root:root:/ File:C:/Program Files/Epic Games/UE_4.27/FeaturePacks/StarterContent.upack)
[2022.01.20-12.03.33:369][  0]LogPakFile: OnPakFileMounted2Time == 0.000049
[2022.01.20-12.03.33:381][  0]LogPakFile: PakFile PrimaryIndexSize=190
[2022.01.20-12.03.33:381][  0]LogPakFile: PakFile PathHashIndexSize=101
[2022.01.20-12.03.33:381][  0]LogPakFile: PakFile FullDirectoryIndexSize=154
[2022.01.20-12.03.33:381][  0]LogShaderLibrary: Display: ShaderCodeLibraryPakFileMountedCallback: PakFile 'C:/Program Files/Epic Games/UE_4.27/FeaturePacks/TP_2DSideScroller.upack' (chunk index -1, root 'root:/') mounted
[2022.01.20-12.03.33:381][  0]LogShaderLibrary: Display: ShaderCodeLibraryPakFileMountedCallback: pending pak file info (ChunkID:-1 Root:root:/ File:C:/Program Files/Epic Games/UE_4.27/FeaturePacks/TP_2DSideScroller.upack)
[2022.01.20-12.03.33:381][  0]LogPakFile: OnPakFileMounted2Time == 0.000085
[2022.01.20-12.03.33:391][  0]LogPakFile: PakFile PrimaryIndexSize=192
[2022.01.20-12.03.33:391][  0]LogPakFile: PakFile PathHashIndexSize=101
[2022.01.20-12.03.33:391][  0]LogPakFile: PakFile FullDirectoryIndexSize=158
[2022.01.20-12.03.33:391][  0]LogShaderLibrary: Display: ShaderCodeLibraryPakFileMountedCallback: PakFile 'C:/Program Files/Epic Games/UE_4.27/FeaturePacks/TP_2DSideScrollerBP.upack' (chunk index -1, root 'root:/') mounted
[2022.01.20-12.03.33:391][  0]LogShaderLibrary: Display: ShaderCodeLibraryPakFileMountedCallback: pending pak file info (ChunkID:-1 Root:root:/ File:C:/Program Files/Epic Games/UE_4.27/FeaturePacks/TP_2DSideScrollerBP.upack)
[2022.01.20-12.03.33:391][  0]LogPakFile: OnPakFileMounted2Time == 0.000076
[2022.01.20-12.03.33:403][  0]LogPakFile: PakFile PrimaryIndexSize=182
[2022.01.20-12.03.33:403][  0]LogPakFile: PakFile PathHashIndexSize=101
[2022.01.20-12.03.33:403][  0]LogPakFile: PakFile FullDirectoryIndexSize=138
[2022.01.20-12.03.33:403][  0]LogShaderLibrary: Display: ShaderCodeLibraryPakFileMountedCallback: PakFile 'C:/Program Files/Epic Games/UE_4.27/FeaturePacks/TP_Flying.upack' (chunk index -1, root 'root:/') mounted
[2022.01.20-12.03.33:403][  0]LogShaderLibrary: Display: ShaderCodeLibraryPakFileMountedCallback: pending pak file info (ChunkID:-1 Root:root:/ File:C:/Program Files/Epic Games/UE_4.27/FeaturePacks/TP_Flying.upack)
[2022.01.20-12.03.33:403][  0]LogPakFile: OnPakFileMounted2Time == 0.000046
[2022.01.20-12.03.33:416][  0]LogPakFile: PakFile PrimaryIndexSize=184
[2022.01.20-12.03.33:416][  0]LogPakFile: PakFile PathHashIndexSize=101
[2022.01.20-12.03.33:416][  0]LogPakFile: PakFile FullDirectoryIndexSize=142
[2022.01.20-12.03.33:416][  0]LogShaderLibrary: Display: ShaderCodeLibraryPakFileMountedCallback: PakFile 'C:/Program Files/Epic Games/UE_4.27/FeaturePacks/TP_FlyingBP.upack' (chunk index -1, root 'root:/') mounted
[2022.01.20-12.03.33:416][  0]LogShaderLibrary: Display: ShaderCodeLibraryPakFileMountedCallback: pending pak file info (ChunkID:-1 Root:root:/ File:C:/Program Files/Epic Games/UE_4.27/FeaturePacks/TP_FlyingBP.upack)
[2022.01.20-12.03.33:416][  0]LogPakFile: OnPakFileMounted2Time == 0.000049
[2022.01.20-12.03.33:424][  0]LogPakFile: PakFile PrimaryIndexSize=188
[2022.01.20-12.03.33:424][  0]LogPakFile: PakFile PathHashIndexSize=101
[2022.01.20-12.03.33:424][  0]LogPakFile: PakFile FullDirectoryIndexSize=150
[2022.01.20-12.03.33:424][  0]LogShaderLibrary: Display: ShaderCodeLibraryPakFileMountedCallback: PakFile 'C:/Program Files/Epic Games/UE_4.27/FeaturePacks/TP_HandheldARBP.upack' (chunk index -1, root 'root:/') mounted
[2022.01.20-12.03.33:424][  0]LogShaderLibrary: Display: ShaderCodeLibraryPakFileMountedCallback: pending pak file info (ChunkID:-1 Root:root:/ File:C:/Program Files/Epic Games/UE_4.27/FeaturePacks/TP_HandheldARBP.upack)
[2022.01.20-12.03.33:424][  0]LogPakFile: OnPakFileMounted2Time == 0.000062
[2022.01.20-12.03.33:442][  0]LogPakFile: PakFile PrimaryIndexSize=182
[2022.01.20-12.03.33:442][  0]LogPakFile: PakFile PathHashIndexSize=101
[2022.01.20-12.03.33:442][  0]LogPakFile: PakFile FullDirectoryIndexSize=138
[2022.01.20-12.03.33:442][  0]LogShaderLibrary: Display: ShaderCodeLibraryPakFileMountedCallback: PakFile 'C:/Program Files/Epic Games/UE_4.27/FeaturePacks/TP_Puzzle.upack' (chunk index -1, root 'root:/') mounted
[2022.01.20-12.03.33:442][  0]LogShaderLibrary: Display: ShaderCodeLibraryPakFileMountedCallback: pending pak file info (ChunkID:-1 Root:root:/ File:C:/Program Files/Epic Games/UE_4.27/FeaturePacks/TP_Puzzle.upack)
[2022.01.20-12.03.33:442][  0]LogPakFile: OnPakFileMounted2Time == 0.000072
[2022.01.20-12.03.33:454][  0]LogPakFile: PakFile PrimaryIndexSize=184
[2022.01.20-12.03.33:454][  0]LogPakFile: PakFile PathHashIndexSize=101
[2022.01.20-12.03.33:454][  0]LogPakFile: PakFile FullDirectoryIndexSize=142
[2022.01.20-12.03.33:454][  0]LogShaderLibrary: Display: ShaderCodeLibraryPakFileMountedCallback: PakFile 'C:/Program Files/Epic Games/UE_4.27/FeaturePacks/TP_PuzzleBP.upack' (chunk index -1, root 'root:/') mounted
[2022.01.20-12.03.33:454][  0]LogShaderLibrary: Display: ShaderCodeLibraryPakFileMountedCallback: pending pak file info (ChunkID:-1 Root:root:/ File:C:/Program Files/Epic Games/UE_4.27/FeaturePacks/TP_PuzzleBP.upack)
[2022.01.20-12.03.33:454][  0]LogPakFile: OnPakFileMounted2Time == 0.000077
[2022.01.20-12.03.33:470][  0]LogPakFile: PakFile PrimaryIndexSize=183
[2022.01.20-12.03.33:470][  0]LogPakFile: PakFile PathHashIndexSize=101
[2022.01.20-12.03.33:471][  0]LogPakFile: PakFile FullDirectoryIndexSize=140
[2022.01.20-12.03.33:471][  0]LogShaderLibrary: Display: ShaderCodeLibraryPakFileMountedCallback: PakFile 'C:/Program Files/Epic Games/UE_4.27/FeaturePacks/TP_Rolling.upack' (chunk index -1, root 'root:/') mounted
[2022.01.20-12.03.33:471][  0]LogShaderLibrary: Display: ShaderCodeLibraryPakFileMountedCallback: pending pak file info (ChunkID:-1 Root:root:/ File:C:/Program Files/Epic Games/UE_4.27/FeaturePacks/TP_Rolling.upack)
[2022.01.20-12.03.33:471][  0]LogPakFile: OnPakFileMounted2Time == 0.000134
[2022.01.20-12.03.33:485][  0]LogPakFile: PakFile PrimaryIndexSize=185
[2022.01.20-12.03.33:485][  0]LogPakFile: PakFile PathHashIndexSize=101
[2022.01.20-12.03.33:485][  0]LogPakFile: PakFile FullDirectoryIndexSize=144
[2022.01.20-12.03.33:485][  0]LogShaderLibrary: Display: ShaderCodeLibraryPakFileMountedCallback: PakFile 'C:/Program Files/Epic Games/UE_4.27/FeaturePacks/TP_RollingBP.upack' (chunk index -1, root 'root:/') mounted
[2022.01.20-12.03.33:485][  0]LogShaderLibrary: Display: ShaderCodeLibraryPakFileMountedCallback: pending pak file info (ChunkID:-1 Root:root:/ File:C:/Program Files/Epic Games/UE_4.27/FeaturePacks/TP_RollingBP.upack)
[2022.01.20-12.03.33:485][  0]LogPakFile: OnPakFileMounted2Time == 0.000049
[2022.01.20-12.03.33:498][  0]LogPakFile: PakFile PrimaryIndexSize=188
[2022.01.20-12.03.33:498][  0]LogPakFile: PakFile PathHashIndexSize=101
[2022.01.20-12.03.33:498][  0]LogPakFile: PakFile FullDirectoryIndexSize=150
[2022.01.20-12.03.33:498][  0]LogShaderLibrary: Display: ShaderCodeLibraryPakFileMountedCallback: PakFile 'C:/Program Files/Epic Games/UE_4.27/FeaturePacks/TP_SideScroller.upack' (chunk index -1, root 'root:/') mounted
[2022.01.20-12.03.33:498][  0]LogShaderLibrary: Display: ShaderCodeLibraryPakFileMountedCallback: pending pak file info (ChunkID:-1 Root:root:/ File:C:/Program Files/Epic Games/UE_4.27/FeaturePacks/TP_SideScroller.upack)
[2022.01.20-12.03.33:498][  0]LogPakFile: OnPakFileMounted2Time == 0.000061
[2022.01.20-12.03.33:508][  0]LogPakFile: PakFile PrimaryIndexSize=190
[2022.01.20-12.03.33:508][  0]LogPakFile: PakFile PathHashIndexSize=101
[2022.01.20-12.03.33:508][  0]LogPakFile: PakFile FullDirectoryIndexSize=154
[2022.01.20-12.03.33:508][  0]LogShaderLibrary: Display: ShaderCodeLibraryPakFileMountedCallback: PakFile 'C:/Program Files/Epic Games/UE_4.27/FeaturePacks/TP_SideScrollerBP.upack' (chunk index -1, root 'root:/') mounted
[2022.01.20-12.03.33:508][  0]LogShaderLibrary: Display: ShaderCodeLibraryPakFileMountedCallback: pending pak file info (ChunkID:-1 Root:root:/ File:C:/Program Files/Epic Games/UE_4.27/FeaturePacks/TP_SideScrollerBP.upack)
[2022.01.20-12.03.33:508][  0]LogPakFile: OnPakFileMounted2Time == 0.000068
[2022.01.20-12.03.33:522][  0]LogPakFile: PakFile PrimaryIndexSize=187
[2022.01.20-12.03.33:522][  0]LogPakFile: PakFile PathHashIndexSize=101
[2022.01.20-12.03.33:522][  0]LogPakFile: PakFile FullDirectoryIndexSize=148
[2022.01.20-12.03.33:522][  0]LogShaderLibrary: Display: ShaderCodeLibraryPakFileMountedCallback: PakFile 'C:/Program Files/Epic Games/UE_4.27/FeaturePacks/TP_ThirdPerson.upack' (chunk index -1, root 'root:/') mounted
[2022.01.20-12.03.33:522][  0]LogShaderLibrary: Display: ShaderCodeLibraryPakFileMountedCallback: pending pak file info (ChunkID:-1 Root:root:/ File:C:/Program Files/Epic Games/UE_4.27/FeaturePacks/TP_ThirdPerson.upack)
[2022.01.20-12.03.33:522][  0]LogPakFile: OnPakFileMounted2Time == 0.000055
[2022.01.20-12.03.33:540][  0]LogPakFile: PakFile PrimaryIndexSize=189
[2022.01.20-12.03.33:541][  0]LogPakFile: PakFile PathHashIndexSize=101
[2022.01.20-12.03.33:541][  0]LogPakFile: PakFile FullDirectoryIndexSize=152
[2022.01.20-12.03.33:541][  0]LogShaderLibrary: Display: ShaderCodeLibraryPakFileMountedCallback: PakFile 'C:/Program Files/Epic Games/UE_4.27/FeaturePacks/TP_ThirdPersonBP.upack' (chunk index -1, root 'root:/') mounted
[2022.01.20-12.03.33:541][  0]LogShaderLibrary: Display: ShaderCodeLibraryPakFileMountedCallback: pending pak file info (ChunkID:-1 Root:root:/ File:C:/Program Files/Epic Games/UE_4.27/FeaturePacks/TP_ThirdPersonBP.upack)
[2022.01.20-12.03.33:541][  0]LogPakFile: OnPakFileMounted2Time == 0.000275
[2022.01.20-12.03.33:554][  0]LogPakFile: PakFile PrimaryIndexSize=183
[2022.01.20-12.03.33:554][  0]LogPakFile: PakFile PathHashIndexSize=101
[2022.01.20-12.03.33:554][  0]LogPakFile: PakFile FullDirectoryIndexSize=140
[2022.01.20-12.03.33:554][  0]LogShaderLibrary: Display: ShaderCodeLibraryPakFileMountedCallback: PakFile 'C:/Program Files/Epic Games/UE_4.27/FeaturePacks/TP_TopDown.upack' (chunk index -1, root 'root:/') mounted
[2022.01.20-12.03.33:554][  0]LogShaderLibrary: Display: ShaderCodeLibraryPakFileMountedCallback: pending pak file info (ChunkID:-1 Root:root:/ File:C:/Program Files/Epic Games/UE_4.27/FeaturePacks/TP_TopDown.upack)
[2022.01.20-12.03.33:554][  0]LogPakFile: OnPakFileMounted2Time == 0.000059
[2022.01.20-12.03.33:565][  0]LogPakFile: PakFile PrimaryIndexSize=185
[2022.01.20-12.03.33:565][  0]LogPakFile: PakFile PathHashIndexSize=101
[2022.01.20-12.03.33:565][  0]LogPakFile: PakFile FullDirectoryIndexSize=144
[2022.01.20-12.03.33:565][  0]LogShaderLibrary: Display: ShaderCodeLibraryPakFileMountedCallback: PakFile 'C:/Program Files/Epic Games/UE_4.27/FeaturePacks/TP_TopDownBP.upack' (chunk index -1, root 'root:/') mounted
[2022.01.20-12.03.33:565][  0]LogShaderLibrary: Display: ShaderCodeLibraryPakFileMountedCallback: pending pak file info (ChunkID:-1 Root:root:/ File:C:/Program Files/Epic Games/UE_4.27/FeaturePacks/TP_TopDownBP.upack)
[2022.01.20-12.03.33:566][  0]LogPakFile: OnPakFileMounted2Time == 0.000082
[2022.01.20-12.03.33:583][  0]LogPakFile: PakFile PrimaryIndexSize=185
[2022.01.20-12.03.33:583][  0]LogPakFile: PakFile PathHashIndexSize=101
[2022.01.20-12.03.33:583][  0]LogPakFile: PakFile FullDirectoryIndexSize=144
[2022.01.20-12.03.33:583][  0]LogShaderLibrary: Display: ShaderCodeLibraryPakFileMountedCallback: PakFile 'C:/Program Files/Epic Games/UE_4.27/FeaturePacks/TP_TwinStick.upack' (chunk index -1, root 'root:/') mounted
[2022.01.20-12.03.33:583][  0]LogShaderLibrary: Display: ShaderCodeLibraryPakFileMountedCallback: pending pak file info (ChunkID:-1 Root:root:/ File:C:/Program Files/Epic Games/UE_4.27/FeaturePacks/TP_TwinStick.upack)
[2022.01.20-12.03.33:583][  0]LogPakFile: OnPakFileMounted2Time == 0.000087
[2022.01.20-12.03.33:598][  0]LogPakFile: PakFile PrimaryIndexSize=187
[2022.01.20-12.03.33:598][  0]LogPakFile: PakFile PathHashIndexSize=101
[2022.01.20-12.03.33:598][  0]LogPakFile: PakFile FullDirectoryIndexSize=148
[2022.01.20-12.03.33:598][  0]LogShaderLibrary: Display: ShaderCodeLibraryPakFileMountedCallback: PakFile 'C:/Program Files/Epic Games/UE_4.27/FeaturePacks/TP_TwinStickBP.upack' (chunk index -1, root 'root:/') mounted
[2022.01.20-12.03.33:598][  0]LogShaderLibrary: Display: ShaderCodeLibraryPakFileMountedCallback: pending pak file info (ChunkID:-1 Root:root:/ File:C:/Program Files/Epic Games/UE_4.27/FeaturePacks/TP_TwinStickBP.upack)
[2022.01.20-12.03.33:598][  0]LogPakFile: OnPakFileMounted2Time == 0.000062
[2022.01.20-12.03.33:607][  0]LogPakFile: PakFile PrimaryIndexSize=183
[2022.01.20-12.03.33:607][  0]LogPakFile: PakFile PathHashIndexSize=101
[2022.01.20-12.03.33:607][  0]LogPakFile: PakFile FullDirectoryIndexSize=140
[2022.01.20-12.03.33:607][  0]LogShaderLibrary: Display: ShaderCodeLibraryPakFileMountedCallback: PakFile 'C:/Program Files/Epic Games/UE_4.27/FeaturePacks/TP_Vehicle.upack' (chunk index -1, root 'root:/') mounted
[2022.01.20-12.03.33:607][  0]LogShaderLibrary: Display: ShaderCodeLibraryPakFileMountedCallback: pending pak file info (ChunkID:-1 Root:root:/ File:C:/Program Files/Epic Games/UE_4.27/FeaturePacks/TP_Vehicle.upack)
[2022.01.20-12.03.33:608][  0]LogPakFile: OnPakFileMounted2Time == 0.000078
[2022.01.20-12.03.33:617][  0]LogPakFile: PakFile PrimaryIndexSize=186
[2022.01.20-12.03.33:617][  0]LogPakFile: PakFile PathHashIndexSize=101
[2022.01.20-12.03.33:617][  0]LogPakFile: PakFile FullDirectoryIndexSize=146
[2022.01.20-12.03.33:617][  0]LogShaderLibrary: Display: ShaderCodeLibraryPakFileMountedCallback: PakFile 'C:/Program Files/Epic Games/UE_4.27/FeaturePacks/TP_VehicleAdv.upack' (chunk index -1, root 'root:/') mounted
[2022.01.20-12.03.33:617][  0]LogShaderLibrary: Display: ShaderCodeLibraryPakFileMountedCallback: pending pak file info (ChunkID:-1 Root:root:/ File:C:/Program Files/Epic Games/UE_4.27/FeaturePacks/TP_VehicleAdv.upack)
[2022.01.20-12.03.33:617][  0]LogPakFile: OnPakFileMounted2Time == 0.000049
[2022.01.20-12.03.33:624][  0]LogPakFile: PakFile PrimaryIndexSize=188
[2022.01.20-12.03.33:624][  0]LogPakFile: PakFile PathHashIndexSize=101
[2022.01.20-12.03.33:624][  0]LogPakFile: PakFile FullDirectoryIndexSize=150
[2022.01.20-12.03.33:624][  0]LogShaderLibrary: Display: ShaderCodeLibraryPakFileMountedCallback: PakFile 'C:/Program Files/Epic Games/UE_4.27/FeaturePacks/TP_VehicleAdvBP.upack' (chunk index -1, root 'root:/') mounted
[2022.01.20-12.03.33:624][  0]LogShaderLibrary: Display: ShaderCodeLibraryPakFileMountedCallback: pending pak file info (ChunkID:-1 Root:root:/ File:C:/Program Files/Epic Games/UE_4.27/FeaturePacks/TP_VehicleAdvBP.upack)
[2022.01.20-12.03.33:624][  0]LogPakFile: OnPakFileMounted2Time == 0.000052
[2022.01.20-12.03.33:636][  0]LogPakFile: PakFile PrimaryIndexSize=185
[2022.01.20-12.03.33:636][  0]LogPakFile: PakFile PathHashIndexSize=101
[2022.01.20-12.03.33:636][  0]LogPakFile: PakFile FullDirectoryIndexSize=144
[2022.01.20-12.03.33:636][  0]LogShaderLibrary: Display: ShaderCodeLibraryPakFileMountedCallback: PakFile 'C:/Program Files/Epic Games/UE_4.27/FeaturePacks/TP_VehicleBP.upack' (chunk index -1, root 'root:/') mounted
[2022.01.20-12.03.33:636][  0]LogShaderLibrary: Display: ShaderCodeLibraryPakFileMountedCallback: pending pak file info (ChunkID:-1 Root:root:/ File:C:/Program Files/Epic Games/UE_4.27/FeaturePacks/TP_VehicleBP.upack)
[2022.01.20-12.03.33:636][  0]LogPakFile: OnPakFileMounted2Time == 0.000055
[2022.01.20-12.03.33:647][  0]LogPakFile: PakFile PrimaryIndexSize=192
[2022.01.20-12.03.33:647][  0]LogPakFile: PakFile PathHashIndexSize=101
[2022.01.20-12.03.33:647][  0]LogPakFile: PakFile FullDirectoryIndexSize=158
[2022.01.20-12.03.33:647][  0]LogShaderLibrary: Display: ShaderCodeLibraryPakFileMountedCallback: PakFile 'C:/Program Files/Epic Games/UE_4.27/FeaturePacks/TP_VirtualRealityBP.upack' (chunk index -1, root 'root:/') mounted
[2022.01.20-12.03.33:647][  0]LogShaderLibrary: Display: ShaderCodeLibraryPakFileMountedCallback: pending pak file info (ChunkID:-1 Root:root:/ File:C:/Program Files/Epic Games/UE_4.27/FeaturePacks/TP_VirtualRealityBP.upack)
[2022.01.20-12.03.33:647][  0]LogPakFile: OnPakFileMounted2Time == 0.000049
[2022.01.20-12.03.34:005][  0]LogNativeClassHierarchy: Verbose: Native class hierarchy updated for 'AddContentDialog' in 0.0003 seconds. Added 0 classes and 0 folders.
[2022.01.20-12.03.34:019][  0]LogNativeClassHierarchy: Verbose: Native class hierarchy updated for 'SceneOutliner' in 0.0003 seconds. Added 2 classes and 0 folders.
[2022.01.20-12.03.34:353][  0]LogNativeClassHierarchy: Verbose: Native class hierarchy updated for 'HierarchicalLODOutliner' in 0.0003 seconds. Added 0 classes and 0 folders.
[2022.01.20-12.03.34:354][  0]LogInput: Warning: Action Jump uses invalid key OculusGo_Left_Trigger_Click.
[2022.01.20-12.03.34:354][  0]LogInput: Warning: Action ResetVR uses invalid key OculusGo_Left_Trackpad_Click.
[2022.01.20-12.03.34:354][  0]LogInput: Warning: Use -RemoveInvalidKeys to remove instances of these keys from the action mapping.
[2022.01.20-12.03.34:354][  0]LogLoad: (Engine Initialization) Total time: 42.55 seconds
[2022.01.20-12.03.34:354][  0]LogLoad: (Engine Initialization) Total Blueprint compile time: 0.00 seconds
[2022.01.20-12.03.34:474][  0]LogContentStreaming: Texture pool size now 1000 MB
[2022.01.20-12.03.34:498][  0]LogSlate: Took 0.011876 seconds to synchronously load lazily loaded font '../../../Engine/Content/Slate/Fonts/Roboto-Regular.ttf' (155K)
[2022.01.20-12.03.34:517][  0]LogSlate: Took 0.013419 seconds to synchronously load lazily loaded font '../../../Engine/Content/Editor/Slate/Fonts/FontAwesome.ttf' (139K)
[2022.01.20-12.03.34:531][  0]LogSlate: Took 0.011836 seconds to synchronously load lazily loaded font '../../../Engine/Content/Slate/Fonts/Roboto-Bold.ttf' (160K)
[2022.01.20-12.03.36:180][  1]LogRenderer: Reallocating scene render targets to support 256x256 Format 10 NumSamples 1 (Frame:1).
[2022.01.20-12.03.36:180][  1]LogRenderer: Reallocating scene render targets to support 1184x604 Format 10 NumSamples 1 (Frame:1).
[2022.01.20-12.03.36:295][  1]LogAssetRegistry: Asset discovery search completed in 25.4296 seconds
[2022.01.20-12.03.36:357][  1]LogCollectionManager: Fixed up redirectors for 0 collections in 0.000261 seconds (updated 0 objects)
[2022.01.20-12.03.36:488][  2]LogSlate: Took 0.016256 seconds to synchronously load lazily loaded font '../../../Engine/Content/Slate/Fonts/Roboto-Light.ttf' (167K)
[2022.01.20-12.03.36:520][  2]LogAssetEditorSubsystem: Opening Asset editor for Blueprint /Game/CCTV/CCTVBP.CCTVBP
[2022.01.20-12.03.37:966][  2]LogNativeClassHierarchy: Verbose: Native class hierarchy updated for 'BlueprintGraph' in 0.0009 seconds. Added 126 classes and 0 folders.
[2022.01.20-12.03.39:392][  2]LogAssetEditorSubsystem: Opening Asset editor for Material /Game/CCTV/ScreenMatMaster.ScreenMatMaster
[2022.01.20-12.03.39:401][  2]LogMaterial: Display: Missing cached shadermap for ScreenMatMaster in PCD3D_SM5, Default, SM5 (DDC key hash: 757118FF9604DC2E1047B879CF71A879CE3CF381), compiling. 
[2022.01.20-12.03.39:442][  2]LogShaderCompilers: Display: Submitted 10 shader compile jobs with 'Normal' priority
[2022.01.20-12.03.39:460][  2]LogShaderCompilers: Display: Worker (1/9): shaders left to compile 10
[2022.01.20-12.03.39:460][  2]LogShaderCompilers: Display: Worker (2/9): shaders left to compile 8
[2022.01.20-12.03.39:460][  2]LogShaderCompilers: Display: Worker (3/9): shaders left to compile 6
[2022.01.20-12.03.39:460][  2]LogShaderCompilers: Display: Worker (4/9): shaders left to compile 4
[2022.01.20-12.03.39:460][  2]LogShaderCompilers: Display: Worker (5/9): shaders left to compile 2
[2022.01.20-12.03.39:461][  2]LogShaderCompilers: Display: Started 10 'Local' shader compile jobs with 'Normal' priority
[2022.01.20-12.03.39:475][  2]LogTexture: Default maximum texture size for cubemaps generated from long-lat sources has been changed from 512 to unlimited. In order to preserve old behaiour for '/Engine/EditorMaterials/AssetViewer/EpicQuadPanorama_CC+EV1.EpicQuadPanorama_CC+EV1', its maximum texture size has been explicitly set to 512.
[2022.01.20-12.03.39:688][  2]LogTexture: Default maximum texture size for cubemaps generated from long-lat sources has been changed from 512 to unlimited. In order to preserve old behaiour for '/Engine/MapTemplates/Sky/SunsetAmbientCubemap.SunsetAmbientCubemap', its maximum texture size has been explicitly set to 512.
[2022.01.20-12.03.39:988][  2]LogMaterial: Display: Missing cached shadermap for ScreenMatMaster in PCD3D_SM5, Default, SM5 (DDC key hash: FB4AF8D073EE406B2B188AEE84B17FC6791758BB), compiling. 
[2022.01.20-12.03.39:999][  2]LogMaterial: Display: Missing cached shadermap for ScreenMatMaster in PCD3D_SM5, Default, SM5 (DDC key hash: BFDC39CCD3D58F66015A9035FB6EF32D560A7F2E), compiling. 
[2022.01.20-12.03.40:008][  2]LogMaterial: Display: Missing cached shadermap for FMatExpressionPreview MaterialExpressionTextureSample_0 in PCD3D_SM5, Default, SM5 (DDC key hash: 8288C6DD4EC03C310EEBECC9578D8CA3690C311F), compiling. 
[2022.01.20-12.03.40:011][  2]LogMaterial: Display: Missing cached shadermap for FMatExpressionPreview MaterialExpressionVectorParameter_1 in PCD3D_SM5, Default, SM5 (DDC key hash: 8FB61993819D1D016F306961D2816B88C4641B22), compiling. 
[2022.01.20-12.03.40:014][  2]LogMaterial: Display: Missing cached shadermap for FMatExpressionPreview MaterialExpressionTextureSample_3 in PCD3D_SM5, Default, SM5 (DDC key hash: C71734FF89AA11B8EE703B3C3B3CDE88B78E45B9), compiling. 
[2022.01.20-12.03.40:020][  2]LogMaterial: Display: Missing cached shadermap for FMatExpressionPreview MaterialExpressionTextureSampleParameter2D_1 in PCD3D_SM5, Default, SM5 (DDC key hash: A426B6D97869C533DC35D470C129FEDD86B2B331), compiling. 
[2022.01.20-12.03.40:102][  2]LogAssetEditorSubsystem: Opening Asset editor for Blueprint /Game/Projector/BaseComponents/ProjectorBP.ProjectorBP
[2022.01.20-12.03.41:086][  2]MaterialEditorStats: Texture samplers: 0/16
[2022.01.20-12.03.41:087][  2]MaterialEditorStats: Texture Lookups (Est.): VS(0), PS(3)
[2022.01.20-12.03.41:087][  2]MaterialEditorStats: User interpolators: 2/4 Scalars (1/4 Vectors) (TexCoords: 2, Custom: 0)
[2022.01.20-12.03.41:101][  2]LogSlate: Took 0.009687 seconds to synchronously load lazily loaded font '../../../Engine/Content/Slate/Fonts/Roboto-BoldCondensed.ttf' (158K)
[2022.01.20-12.03.41:563][  3]LogSlate: Took 0.012258 seconds to synchronously load lazily loaded font '../../../Engine/Content/Slate/Fonts/Roboto-Italic.ttf' (157K)
[2022.01.20-12.03.42:447][ 18]MaterialEditorStats: Texture samplers: 5/16
[2022.01.20-12.03.42:447][ 18]MaterialEditorStats: Texture Lookups (Est.): VS(0), PS(3)
[2022.01.20-12.03.42:447][ 18]MaterialEditorStats: User interpolators: 2/4 Scalars (1/4 Vectors) (TexCoords: 2, Custom: 0)
[2022.01.20-12.03.43:212][ 36]MaterialEditorStats: Base pass shader: 146 instructions
[2022.01.20-12.03.43:212][ 36]MaterialEditorStats: Base pass shader with Volumetric Lightmap: 220 instructions
[2022.01.20-12.03.43:212][ 36]MaterialEditorStats: Base pass vertex shader: 46 instructions
[2022.01.20-12.03.43:212][ 36]MaterialEditorStats: Texture samplers: 5/16
[2022.01.20-12.03.43:212][ 36]MaterialEditorStats: Texture Lookups (Est.): VS(0), PS(3)
[2022.01.20-12.03.43:212][ 36]MaterialEditorStats: User interpolators: 2/4 Scalars (1/4 Vectors) (TexCoords: 2, Custom: 0)
